Log file open, 04/07/20 21:19:56
LogWindows: Failed to load 'aqProf.dll' (GetLastError=126)
LogWindows: File 'aqProf.dll' does not exist
LogWindows: Failed to load 'VtuneApi.dll' (GetLastError=126)
LogWindows: File 'VtuneApi.dll' does not exist
LogWindows: Failed to load 'VtuneApi32e.dll' (GetLastError=126)
LogWindows: File 'VtuneApi32e.dll' does not exist
LogConsoleResponse: Display: Failed to find resolution value strings in scalability ini. Falling back to default.
LogInit: Display: Running engine for game: Koala
LogPlatformFile: Not using cached read wrapper
LogTaskGraph: Started task graph with 5 named threads and 11 total threads with 3 sets of task threads.
LogStats: Stats thread started at 0.401974
LogD3D11RHI: Loaded GFSDK_Aftermath_Lib.x64.dll
LogICUInternationalization: ICU TimeZone Detection - Raw Offset: -6:00, Platform Override: ''
LogPluginManager: Mounting plugin Paper2D
LogPluginManager: Mounting plugin AISupport
LogPluginManager: Mounting plugin LightPropagationVolume
LogPluginManager: Mounting plugin ActorLayerUtilities
LogPluginManager: Mounting plugin AnimationSharing
LogPluginManager: Mounting plugin CLionSourceCodeAccess
LogPluginManager: Mounting plugin CodeLiteSourceCodeAccess
LogPluginManager: Mounting plugin GitSourceControl
LogPluginManager: Mounting plugin KDevelopSourceCodeAccess
LogPluginManager: Mounting plugin NullSourceCodeAccess
LogPluginManager: Mounting plugin PerforceSourceControl
LogPluginManager: Mounting plugin PlasticSourceControl
LogPluginManager: Mounting plugin SubversionSourceControl
LogPluginManager: Mounting plugin UObjectPlugin
LogPluginManager: Mounting plugin VisualStudioCodeSourceCodeAccess
LogPluginManager: Mounting plugin VisualStudioSourceCodeAccess
LogPluginManager: Mounting plugin XCodeSourceCodeAccess
LogPluginManager: Mounting plugin AssetManagerEditor
LogPluginManager: Mounting plugin CryptoKeys
LogPluginManager: Mounting plugin CurveEditorTools
LogPluginManager: Mounting plugin DataValidation
LogPluginManager: Mounting plugin FacialAnimation
LogPluginManager: Mounting plugin GameplayTagsEditor
LogPluginManager: Mounting plugin MacGraphicsSwitching
LogPluginManager: Mounting plugin MaterialAnalyzer
LogPluginManager: Mounting plugin MobileLauncherProfileWizard
LogPluginManager: Mounting plugin PluginBrowser
LogPluginManager: Mounting plugin SpeedTreeImporter
LogPluginManager: Mounting plugin DatasmithContent
LogPluginManager: Mounting plugin VariantManagerContent
LogPluginManager: Mounting plugin AlembicImporter
LogPluginManager: Mounting plugin AutomationUtils
LogPluginManager: Mounting plugin BackChannel
LogPluginManager: Mounting plugin CharacterAI
LogPluginManager: Mounting plugin GeometryCache
LogPluginManager: Mounting plugin PlatformCrypto
LogPluginManager: Mounting plugin ProxyLODPlugin
LogPluginManager: Mounting plugin SkeletalReduction
LogPluginManager: Mounting plugin MagicLeap
LogPluginManager: Mounting plugin MagicLeapMedia
LogPluginManager: Mounting plugin MLSDK
LogPluginManager: Mounting plugin AndroidMedia
LogPluginManager: Mounting plugin AvfMedia
LogPluginManager: Mounting plugin ImgMedia
LogPluginManager: Mounting plugin MediaCompositing
LogPluginManager: Mounting plugin MediaPlayerEditor
LogPluginManager: Mounting plugin WebMMedia
LogPluginManager: Mounting plugin WmfMedia
LogPluginManager: Mounting plugin TcpMessaging
LogPluginManager: Mounting plugin UdpMessaging
LogPluginManager: Mounting plugin ActorSequence
LogPluginManager: Mounting plugin LevelSequenceEditor
LogPluginManager: Mounting plugin MatineeToLevelSequence
LogPluginManager: Mounting plugin NetcodeUnitTest
LogPluginManager: Mounting plugin NUTUnrealEngine4
LogPluginManager: Mounting plugin OnlineSubsystemGooglePlay
LogPluginManager: Mounting plugin OnlineSubsystemIOS
LogPluginManager: Mounting plugin OnlineSubsystem
LogPluginManager: Mounting plugin OnlineSubsystemNull
LogPluginManager: Mounting plugin OnlineSubsystemUtils
LogPluginManager: Mounting plugin LauncherChunkInstaller
LogPluginManager: Mounting plugin AndroidDeviceProfileSelector
LogPluginManager: Mounting plugin AndroidMoviePlayer
LogPluginManager: Mounting plugin AndroidPermission
LogPluginManager: Mounting plugin AppleImageUtils
LogPluginManager: Mounting plugin AppleMoviePlayer
LogPluginManager: Mounting plugin ArchVisCharacter
LogPluginManager: Mounting plugin AssetTags
LogPluginManager: Mounting plugin AudioCapture
LogPluginManager: Mounting plugin CableComponent
LogPluginManager: Mounting plugin CustomMeshComponent
LogPluginManager: Mounting plugin EditableMesh
LogPluginManager: Mounting plugin ExampleDeviceProfileSelector
LogPluginManager: Mounting plugin GoogleCloudMessaging
LogPluginManager: Mounting plugin IOSDeviceProfileSelector
LogPluginManager: Mounting plugin LinuxDeviceProfileSelector
LogPluginManager: Mounting plugin LocationServicesBPLibrary
LogPluginManager: Mounting plugin MobilePatchingUtils
LogPluginManager: Mounting plugin OculusVR
LogPluginManager: Mounting plugin PhysXVehicles
LogPluginManager: Mounting plugin PostSplashScreen
LogPluginManager: Mounting plugin ProceduralMeshComponent
LogPluginManager: Mounting plugin RuntimePhysXCooking
LogPluginManager: Mounting plugin SignificanceManager
LogPluginManager: Mounting plugin SteamVR
LogPluginManager: Mounting plugin WebMMoviePlayer
LogPluginManager: Mounting plugin WindowsMoviePlayer
LogPluginManager: Mounting plugin ScreenshotTools
LogInit: Using libcurl 7.55.1-DEV
LogInit:  - built for x86_64-pc-win32
LogInit:  - supports SSL with OpenSSL/1.1.1
LogInit:  - supports HTTP deflate (compression) using libz 1.2.8
LogInit:  - other features:
LogInit:      CURL_VERSION_SSL
LogInit:      CURL_VERSION_LIBZ
LogInit:      CURL_VERSION_IPV6
LogInit:      CURL_VERSION_ASYNCHDNS
LogInit:      CURL_VERSION_LARGEFILE
LogInit:      CURL_VERSION_IDN
LogInit:  CurlRequestOptions (configurable via config and command line):
LogInit:  - bVerifyPeer = true  - Libcurl will verify peer certificate
LogInit:  - bUseHttpProxy = false  - Libcurl will NOT use HTTP proxy
LogInit:  - bDontReuseConnections = false  - Libcurl will reuse connections
LogInit:  - MaxHostConnections = 16  - Libcurl will limit the number of connections to a host
LogInit:  - LocalHostAddr = Default
LogInit:  - BufferSize = 65536
LogOnline: OSS: Creating online subsystem instance for: NULL
LogInit: WinSock: version 1.1 (2.2), MaxSocks=32767, MaxUdp=65467
LogOnline: OSS: TryLoadSubsystemAndSetDefault: Loaded subsystem for module [NULL]
LogInit: Build: ++UE4+Release-4.24-CL-10570792
LogInit: Engine Version: 4.24.0-10570792+++UE4+Release-4.24
LogInit: Compatible Engine Version: 4.24.0-10570792+++UE4+Release-4.24
LogInit: Net CL: 10570792
LogInit: OS: Windows 10 (Release 1909) (), CPU:        Intel(R) Core(TM) i5-3320M CPU @ 2.60GHz, GPU: Intel(R) HD Graphics 4000
LogInit: Compiled (64-bit): Dec  6 2019 02:05:13
LogInit: Compiled with Visual C++: 19.16.27032.01
LogInit: Build Configuration: Development
LogInit: Branch Name: ++UE4+Release-4.24
LogInit: Command Line: 
LogInit: Base Directory: C:/Program Files/Epic Games/UE_4.24/Engine/Binaries/Win64/
LogInit: Installed Engine Build: 1
LogDevObjectVersion: Number of dev versions registered: 25
LogDevObjectVersion:   Dev-Blueprints (B0D832E4-1F89-4F0D-ACCF-7EB736FD4AA2): 10
LogDevObjectVersion:   Dev-Build (E1C64328-A22C-4D53-A36C-8E866417BD8C): 0
LogDevObjectVersion:   Dev-Core (375EC13C-06E4-48FB-B500-84F0262A717E): 3
LogDevObjectVersion:   Dev-Editor (E4B068ED-F494-42E9-A231-DA0B2E46BB41): 37
LogDevObjectVersion:   Dev-Framework (CFFC743F-43B0-4480-9391-14DF171D2073): 36
LogDevObjectVersion:   Dev-Mobile (B02B49B5-BB20-44E9-A304-32B752E40360): 2
LogDevObjectVersion:   Dev-Networking (A4E4105C-59A1-49B5-A7C5-40C4547EDFEE): 0
LogDevObjectVersion:   Dev-Online (39C831C9-5AE6-47DC-9A44-9C173E1C8E7C): 0
LogDevObjectVersion:   Dev-Physics (78F01B33-EBEA-4F98-B9B4-84EACCB95AA2): 2
LogDevObjectVersion:   Dev-Platform (6631380F-2D4D-43E0-8009-CF276956A95A): 0
LogDevObjectVersion:   Dev-Rendering (12F88B9F-8875-4AFC-A67C-D90C383ABD29): 36
LogDevObjectVersion:   Dev-Sequencer (7B5AE74C-D270-4C10-A958-57980B212A5A): 11
LogDevObjectVersion:   Dev-VR (D7296918-1DD6-4BDD-9DE2-64A83CC13884): 2
LogDevObjectVersion:   Dev-LoadTimes (C2A15278-BFE7-4AFE-6C17-90FF531DF755): 1
LogDevObjectVersion:   Private-Geometry (6EACA3D4-40EC-4CC1-B786-8BED09428FC5): 3
LogDevObjectVersion:   Dev-AnimPhys (29E575DD-E0A3-4627-9D10-D276232CDCEA): 17
LogDevObjectVersion:   Dev-Anim (AF43A65D-7FD3-4947-9873-3E8ED9C1BB05): 2
LogDevObjectVersion:   Dev-ReflectionCapture (6B266CEC-1EC7-4B8F-A30B-E4D90942FC07): 1
LogDevObjectVersion:   Dev-Automation (0DF73D61-A23F-47EA-B727-89E90C41499A): 1
LogDevObjectVersion:   FortniteMain (601D1886-AC64-4F84-AA16-D3DE0DEAC7D6): 31
LogDevObjectVersion:   Dev-Enterprise (9DFFBCD6-494F-0158-E221-12823C92A888): 8
LogDevObjectVersion:   Dev-Niagara (F2AED0AC-9AFE-416F-8664-AA7FFA26D6FC): 1
LogDevObjectVersion:   Dev-Destruction (174F1F0B-B4C6-45A5-B13F-2EE8D0FB917D): 9
LogDevObjectVersion:   Dev-Physics-Ext (35F94A83-E258-406C-A318-09F59610247C): 8
LogDevObjectVersion:   Dev-CineCamera (B2E18506-4273-CFC2-A54E-F4BB758BBA07): 1
LogInit: Presizing for max 25165824 objects, including 0 objects not considered by GC, pre-allocating 0 bytes for permanent pool.
LogInit: Object subsystem initialized
LogConfig: Setting CVar [[con.DebugEarlyDefault:1]]
LogConfig: Setting CVar [[r.setres:1280x720]]
[2020.04.08-02.19.56:873][  0]LogConfig: Setting CVar [[r.VSync:0]]
[2020.04.08-02.19.56:873][  0]LogConfig: Setting CVar [[r.RHICmdBypass:0]]
[2020.04.08-02.19.56:873][  0]LogConfig: Applying CVar settings from Section [/Script/Engine.RendererSettings] File [C:/Users/Peter/Documents/Unreal Projects/Koala/Saved/Config/Windows/Engine.ini]
[2020.04.08-02.19.56:873][  0]LogConfig: Setting CVar [[r.GPUCrashDebugging:0]]
[2020.04.08-02.19.56:873][  0]LogConfig: Applying CVar settings from Section [/Script/Engine.RendererOverrideSettings] File [C:/Users/Peter/Documents/Unreal Projects/Koala/Saved/Config/Windows/Engine.ini]
[2020.04.08-02.19.56:873][  0]LogConfig: Applying CVar settings from Section [/Script/Engine.StreamingSettings] File [C:/Users/Peter/Documents/Unreal Projects/Koala/Saved/Config/Windows/Engine.ini]
[2020.04.08-02.19.56:873][  0]LogConfig: Setting CVar [[s.MinBulkDataSizeForAsyncLoading:131072]]
[2020.04.08-02.19.56:873][  0]LogConfig: Setting CVar [[s.AsyncLoadingThreadEnabled:0]]
[2020.04.08-02.19.56:873][  0]LogConfig: Setting CVar [[s.EventDrivenLoaderEnabled:1]]
[2020.04.08-02.19.56:873][  0]LogConfig: Setting CVar [[s.WarnIfTimeLimitExceeded:0]]
[2020.04.08-02.19.56:873][  0]LogConfig: Setting CVar [[s.TimeLimitExceededMultiplier:1.5]]
[2020.04.08-02.19.56:873][  0]LogConfig: Setting CVar [[s.TimeLimitExceededMinTime:0.005]]
[2020.04.08-02.19.56:873][  0]LogConfig: Setting CVar [[s.UseBackgroundLevelStreaming:1]]
[2020.04.08-02.19.56:873][  0]LogConfig: Setting CVar [[s.PriorityAsyncLoadingExtraTime:15.0]]
[2020.04.08-02.19.56:873][  0]LogConfig: Setting CVar [[s.LevelStreamingActorsUpdateTimeLimit:5.0]]
[2020.04.08-02.19.56:873][  0]LogConfig: Setting CVar [[s.PriorityLevelStreamingActorsUpdateExtraTime:5.0]]
[2020.04.08-02.19.56:873][  0]LogConfig: Setting CVar [[s.LevelStreamingComponentsRegistrationGranularity:10]]
[2020.04.08-02.19.56:873][  0]LogConfig: Setting CVar [[s.UnregisterComponentsTimeLimit:1.0]]
[2020.04.08-02.19.56:873][  0]LogConfig: Setting CVar [[s.LevelStreamingComponentsUnregistrationGranularity:5]]
[2020.04.08-02.19.56:873][  0]LogConfig: Setting CVar [[s.FlushStreamingOnExit:1]]
[2020.04.08-02.19.56:873][  0]LogConfig: Applying CVar settings from Section [/Script/Engine.GarbageCollectionSettings] File [C:/Users/Peter/Documents/Unreal Projects/Koala/Saved/Config/Windows/Engine.ini]
[2020.04.08-02.19.56:873][  0]LogConfig: Setting CVar [[gc.MaxObjectsNotConsideredByGC:1]]
[2020.04.08-02.19.56:873][  0]LogConfig: Setting CVar [[gc.SizeOfPermanentObjectPool:0]]
[2020.04.08-02.19.56:873][  0]LogConfig: Setting CVar [[gc.FlushStreamingOnGC:0]]
[2020.04.08-02.19.56:873][  0]LogConfig: Setting CVar [[gc.NumRetriesBeforeForcingGC:10]]
[2020.04.08-02.19.56:873][  0]LogConfig: Setting CVar [[gc.AllowParallelGC:1]]
[2020.04.08-02.19.56:873][  0]LogConfig: Setting CVar [[gc.TimeBetweenPurgingPendingKillObjects:61.1]]
[2020.04.08-02.19.56:873][  0]LogConfig: Setting CVar [[gc.MaxObjectsInEditor:25165824]]
[2020.04.08-02.19.56:873][  0]LogConfig: Setting CVar [[gc.IncrementalBeginDestroyEnabled:1]]
[2020.04.08-02.19.56:873][  0]LogConfig: Setting CVar [[gc.CreateGCClusters:1]]
[2020.04.08-02.19.56:873][  0]LogConfig: Setting CVar [[gc.MinGCClusterSize:5]]
[2020.04.08-02.19.56:873][  0]LogConfig: Setting CVar [[gc.ActorClusteringEnabled:0]]
[2020.04.08-02.19.56:873][  0]LogConfig: Setting CVar [[gc.BlueprintClusteringEnabled:0]]
[2020.04.08-02.19.56:873][  0]LogConfig: Setting CVar [[gc.UseDisregardForGCOnDedicatedServers:0]]
[2020.04.08-02.19.56:873][  0]LogConfig: Applying CVar settings from Section [/Script/Engine.NetworkSettings] File [C:/Users/Peter/Documents/Unreal Projects/Koala/Saved/Config/Windows/Engine.ini]
[2020.04.08-02.19.56:873][  0]LogConfig: Applying CVar settings from Section [/Script/UnrealEd.CookerSettings] File [C:/Users/Peter/Documents/Unreal Projects/Koala/Saved/Config/Windows/Engine.ini]
[2020.04.08-02.19.56:878][  0]LogConfig: Applying CVar settings from Section [ViewDistanceQuality@3] File [C:/Users/Peter/Documents/Unreal Projects/Koala/Saved/Config/Windows/Scalability.ini]
[2020.04.08-02.19.56:878][  0]LogConfig: Setting CVar [[r.SkeletalMeshLODBias:0]]
[2020.04.08-02.19.56:878][  0]LogConfig: Setting CVar [[r.ViewDistanceScale:1.0]]
[2020.04.08-02.19.56:878][  0]LogConfig: Applying CVar settings from Section [AntiAliasingQuality@3] File [C:/Users/Peter/Documents/Unreal Projects/Koala/Saved/Config/Windows/Scalability.ini]
[2020.04.08-02.19.56:878][  0]LogConfig: Setting CVar [[r.PostProcessAAQuality:4]]
[2020.04.08-02.19.56:878][  0]LogConfig: Applying CVar settings from Section [ShadowQuality@3] File [C:/Users/Peter/Documents/Unreal Projects/Koala/Saved/Config/Windows/Scalability.ini]
[2020.04.08-02.19.56:878][  0]LogConfig: Setting CVar [[r.LightFunctionQuality:1]]
[2020.04.08-02.19.56:878][  0]LogConfig: Setting CVar [[r.ShadowQuality:5]]
[2020.04.08-02.19.56:878][  0]LogConfig: Setting CVar [[r.Shadow.CSM.MaxCascades:10]]
[2020.04.08-02.19.56:878][  0]LogConfig: Setting CVar [[r.Shadow.MaxResolution:2048]]
[2020.04.08-02.19.56:878][  0]LogConfig: Setting CVar [[r.Shadow.MaxCSMResolution:2048]]
[2020.04.08-02.19.56:878][  0]LogConfig: Setting CVar [[r.Shadow.RadiusThreshold:0.01]]
[2020.04.08-02.19.56:878][  0]LogConfig: Setting CVar [[r.Shadow.DistanceScale:1.0]]
[2020.04.08-02.19.56:878][  0]LogConfig: Setting CVar [[r.Shadow.CSM.TransitionScale:1.0]]
[2020.04.08-02.19.56:878][  0]LogConfig: Setting CVar [[r.Shadow.PreShadowResolutionFactor:1.0]]
[2020.04.08-02.19.56:878][  0]LogConfig: Setting CVar [[r.DistanceFieldShadowing:1]]
[2020.04.08-02.19.56:878][  0]LogConfig: Setting CVar [[r.DistanceFieldAO:1]]
[2020.04.08-02.19.56:878][  0]LogConfig: Setting CVar [[r.AOQuality:2]]
[2020.04.08-02.19.56:878][  0]LogConfig: Setting CVar [[r.VolumetricFog:1]]
[2020.04.08-02.19.56:878][  0]LogConfig: Setting CVar [[r.VolumetricFog.GridPixelSize:8]]
[2020.04.08-02.19.56:878][  0]LogConfig: Setting CVar [[r.VolumetricFog.GridSizeZ:128]]
[2020.04.08-02.19.56:878][  0]LogConfig: Setting CVar [[r.VolumetricFog.HistoryMissSupersampleCount:4]]
[2020.04.08-02.19.56:878][  0]LogConfig: Setting CVar [[r.LightMaxDrawDistanceScale:1]]
[2020.04.08-02.19.56:878][  0]LogConfig: Setting CVar [[r.CapsuleShadows:1]]
[2020.04.08-02.19.56:878][  0]LogConfig: Applying CVar settings from Section [PostProcessQuality@3] File [C:/Users/Peter/Documents/Unreal Projects/Koala/Saved/Config/Windows/Scalability.ini]
[2020.04.08-02.19.56:878][  0]LogConfig: Setting CVar [[r.MotionBlurQuality:4]]
[2020.04.08-02.19.56:878][  0]LogConfig: Setting CVar [[r.AmbientOcclusionMipLevelFactor:0.4]]
[2020.04.08-02.19.56:878][  0]LogConfig: Setting CVar [[r.AmbientOcclusionMaxQuality:100]]
[2020.04.08-02.19.56:878][  0]LogConfig: Setting CVar [[r.AmbientOcclusionLevels:-1]]
[2020.04.08-02.19.56:878][  0]LogConfig: Setting CVar [[r.AmbientOcclusionRadiusScale:1.0]]
[2020.04.08-02.19.56:878][  0]LogConfig: Setting CVar [[r.DepthOfFieldQuality:2]]
[2020.04.08-02.19.56:878][  0]LogConfig: Setting CVar [[r.RenderTargetPoolMin:400]]
[2020.04.08-02.19.56:878][  0]LogConfig: Setting CVar [[r.LensFlareQuality:2]]
[2020.04.08-02.19.56:878][  0]LogConfig: Setting CVar [[r.SceneColorFringeQuality:1]]
[2020.04.08-02.19.56:878][  0]LogConfig: Setting CVar [[r.EyeAdaptationQuality:2]]
[2020.04.08-02.19.56:878][  0]LogConfig: Setting CVar [[r.BloomQuality:5]]
[2020.04.08-02.19.56:878][  0]LogConfig: Setting CVar [[r.FastBlurThreshold:100]]
[2020.04.08-02.19.56:878][  0]LogConfig: Setting CVar [[r.Upscale.Quality:3]]
[2020.04.08-02.19.56:878][  0]LogConfig: Setting CVar [[r.Tonemapper.GrainQuantization:1]]
[2020.04.08-02.19.56:878][  0]LogConfig: Setting CVar [[r.LightShaftQuality:1]]
[2020.04.08-02.19.56:878][  0]LogConfig: Setting CVar [[r.Filter.SizeScale:1]]
[2020.04.08-02.19.56:878][  0]LogConfig: Setting CVar [[r.Tonemapper.Quality:5]]
[2020.04.08-02.19.56:878][  0]LogConfig: Setting CVar [[r.DOF.Gather.AccumulatorQuality:1        ; higher gathering accumulator quality]]
[2020.04.08-02.19.56:878][  0]LogConfig: Setting CVar [[r.DOF.Gather.PostfilterMethod:1          ; Median3x3 postfilering method]]
[2020.04.08-02.19.56:878][  0]LogConfig: Setting CVar [[r.DOF.Gather.EnableBokehSettings:0       ; no bokeh simulation when gathering]]
[2020.04.08-02.19.56:879][  0]LogConfig: Setting CVar [[r.DOF.Gather.RingCount:4                 ; medium number of samples when gathering]]
[2020.04.08-02.19.56:879][  0]LogConfig: Setting CVar [[r.DOF.Scatter.ForegroundCompositing:1    ; additive foreground scattering]]
[2020.04.08-02.19.56:879][  0]LogConfig: Setting CVar [[r.DOF.Scatter.BackgroundCompositing:2    ; additive background scattering]]
[2020.04.08-02.19.56:879][  0]LogConfig: Setting CVar [[r.DOF.Scatter.EnableBokehSettings:1      ; bokeh simulation when scattering]]
[2020.04.08-02.19.56:879][  0]LogConfig: Setting CVar [[r.DOF.Scatter.MaxSpriteRatio:0.1         ; only a maximum of 10% of scattered bokeh]]
[2020.04.08-02.19.56:879][  0]LogConfig: Setting CVar [[r.DOF.Recombine.Quality:1                ; cheap slight out of focus]]
[2020.04.08-02.19.56:879][  0]LogConfig: Setting CVar [[r.DOF.Recombine.EnableBokehSettings:0    ; no bokeh simulation on slight out of focus]]
[2020.04.08-02.19.56:879][  0]LogConfig: Setting CVar [[r.DOF.TemporalAAQuality:1                ; more stable temporal accumulation]]
[2020.04.08-02.19.56:879][  0]LogConfig: Setting CVar [[r.DOF.Kernel.MaxForegroundRadius:0.025]]
[2020.04.08-02.19.56:879][  0]LogConfig: Setting CVar [[r.DOF.Kernel.MaxBackgroundRadius:0.025]]
[2020.04.08-02.19.56:879][  0]LogConfig: Applying CVar settings from Section [TextureQuality@3] File [C:/Users/Peter/Documents/Unreal Projects/Koala/Saved/Config/Windows/Scalability.ini]
[2020.04.08-02.19.56:879][  0]LogConfig: Setting CVar [[r.Streaming.MipBias:0]]
[2020.04.08-02.19.56:879][  0]LogConfig: Setting CVar [[r.Streaming.AmortizeCPUToGPUCopy:0]]
[2020.04.08-02.19.56:879][  0]LogConfig: Setting CVar [[r.Streaming.MaxNumTexturesToStreamPerFrame:0]]
[2020.04.08-02.19.56:879][  0]LogConfig: Setting CVar [[r.Streaming.Boost:1]]
[2020.04.08-02.19.56:879][  0]LogConfig: Setting CVar [[r.MaxAnisotropy:8]]
[2020.04.08-02.19.56:879][  0]LogConfig: Setting CVar [[r.VT.MaxAnisotropy:8]]
[2020.04.08-02.19.56:879][  0]LogConfig: Setting CVar [[r.Streaming.LimitPoolSizeToVRAM:0]]
[2020.04.08-02.19.56:879][  0]LogConfig: Setting CVar [[r.Streaming.PoolSize:1000]]
[2020.04.08-02.19.56:879][  0]LogConfig: Setting CVar [[r.Streaming.MaxEffectiveScreenSize:0]]
[2020.04.08-02.19.56:879][  0]LogConfig: Applying CVar settings from Section [EffectsQuality@3] File [C:/Users/Peter/Documents/Unreal Projects/Koala/Saved/Config/Windows/Scalability.ini]
[2020.04.08-02.19.56:879][  0]LogConfig: Setting CVar [[r.TranslucencyLightingVolumeDim:64]]
[2020.04.08-02.19.56:879][  0]LogConfig: Setting CVar [[r.RefractionQuality:2]]
[2020.04.08-02.19.56:879][  0]LogConfig: Setting CVar [[r.SSR.Quality:3]]
[2020.04.08-02.19.56:879][  0]LogConfig: Setting CVar [[r.SSR.HalfResSceneColor:0]]
[2020.04.08-02.19.56:879][  0]LogConfig: Setting CVar [[r.SceneColorFormat:4]]
[2020.04.08-02.19.56:879][  0]LogConfig: Setting CVar [[r.DetailMode:2]]
[2020.04.08-02.19.56:879][  0]LogConfig: Setting CVar [[r.TranslucencyVolumeBlur:1]]
[2020.04.08-02.19.56:879][  0]LogConfig: Setting CVar [[r.MaterialQualityLevel:1 ; High quality]]
[2020.04.08-02.19.56:879][  0]LogConfig: Setting CVar [[r.SSS.Scale:1]]
[2020.04.08-02.19.56:879][  0]LogConfig: Setting CVar [[r.SSS.SampleSet:2]]
[2020.04.08-02.19.56:879][  0]LogConfig: Setting CVar [[r.SSS.Quality:1]]
[2020.04.08-02.19.56:879][  0]LogConfig: Setting CVar [[r.SSS.HalfRes:1]]
[2020.04.08-02.19.56:879][  0]LogConfig: Setting CVar [[r.SSGI.Quality:3]]
[2020.04.08-02.19.56:879][  0]LogConfig: Setting CVar [[r.EmitterSpawnRateScale:1.0]]
[2020.04.08-02.19.56:879][  0]LogConfig: Setting CVar [[r.ParticleLightQuality:2]]
[2020.04.08-02.19.56:879][  0]LogConfig: Setting CVar [[r.SkyAtmosphere.AerialPerspectiveLUT.FastApplyOnOpaque:1 ; Always have FastSkyLUT 1 in this case to avoid wrong sky]]
[2020.04.08-02.19.56:879][  0]LogConfig: Setting CVar [[r.SkyAtmosphere.AerialPerspectiveLUT.SampleCountPerSlice:1]]
[2020.04.08-02.19.56:879][  0]LogConfig: Setting CVar [[r.SkyAtmosphere.AerialPerspectiveLUT.DepthResolution:16.0]]
[2020.04.08-02.19.56:879][  0]LogConfig: Setting CVar [[r.SkyAtmosphere.FastSkyLUT:1]]
[2020.04.08-02.19.56:879][  0]LogConfig: Setting CVar [[r.SkyAtmosphere.FastSkyLUT.SampleCountMin:4.0]]
[2020.04.08-02.19.56:879][  0]LogConfig: Setting CVar [[r.SkyAtmosphere.FastSkyLUT.SampleCountMax:32.0]]
[2020.04.08-02.19.56:879][  0]LogConfig: Setting CVar [[r.SkyAtmosphere.SampleCountMin:4.0]]
[2020.04.08-02.19.56:879][  0]LogConfig: Setting CVar [[r.SkyAtmosphere.SampleCountMax:32.0]]
[2020.04.08-02.19.56:879][  0]LogConfig: Setting CVar [[r.SkyAtmosphere.TransmittanceLUT.UseSmallFormat:0]]
[2020.04.08-02.19.56:879][  0]LogConfig: Setting CVar [[r.SkyAtmosphere.TransmittanceLUT.SampleCount:10.0]]
[2020.04.08-02.19.56:879][  0]LogConfig: Setting CVar [[r.SkyAtmosphere.MultiScatteringLUT.SampleCount:15.0]]
[2020.04.08-02.19.56:879][  0]LogConfig: Applying CVar settings from Section [FoliageQuality@3] File [C:/Users/Peter/Documents/Unreal Projects/Koala/Saved/Config/Windows/Scalability.ini]
[2020.04.08-02.19.56:879][  0]LogConfig: Setting CVar [[foliage.DensityScale:1.0]]
[2020.04.08-02.19.56:879][  0]LogConfig: Setting CVar [[grass.DensityScale:1.0]]
[2020.04.08-02.19.56:879][  0]LogConfig: Applying CVar settings from Section [ShadingQuality@3] File [C:/Users/Peter/Documents/Unreal Projects/Koala/Saved/Config/Windows/Scalability.ini]
[2020.04.08-02.19.56:879][  0]LogConfig: Setting CVar [[r.HairStrands.SkyLighting.SampleCount:16]]
[2020.04.08-02.19.56:879][  0]LogConfig: Setting CVar [[r.HairStrands.SkyLighting.JitterIntegration:0]]
[2020.04.08-02.19.56:879][  0]LogConfig: Setting CVar [[r.HairStrands.SkyAO.SampleCount:16]]
[2020.04.08-02.19.56:879][  0]LogInit: Selected Device Profile: [Windows]
[2020.04.08-02.19.56:880][  0]LogInit: Applying CVar settings loaded from the selected device profile: [Windows]
[2020.04.08-02.19.56:891][  0]LogHAL: Display: Platform has ~ 8 GB [8488001536 / 8589934592 / 8], which maps to Default [LargestMinGB=32, LargerMinGB=12, DefaultMinGB=8, SmallerMinGB=6, SmallestMinGB=0)
[2020.04.08-02.19.56:891][  0]LogInit: Going up to parent DeviceProfile []
[2020.04.08-02.19.56:891][  0]LogConfig: Applying CVar settings from Section [ViewDistanceQuality@3] File [C:/Users/Peter/Documents/Unreal Projects/Koala/Saved/Config/Windows/Scalability.ini]
[2020.04.08-02.19.56:891][  0]LogConfig: Setting CVar [[r.SkeletalMeshLODBias:0]]
[2020.04.08-02.19.56:891][  0]LogConfig: Setting CVar [[r.ViewDistanceScale:1.0]]
[2020.04.08-02.19.56:891][  0]LogConfig: Applying CVar settings from Section [AntiAliasingQuality@3] File [C:/Users/Peter/Documents/Unreal Projects/Koala/Saved/Config/Windows/Scalability.ini]
[2020.04.08-02.19.56:891][  0]LogConfig: Setting CVar [[r.PostProcessAAQuality:4]]
[2020.04.08-02.19.56:891][  0]LogConfig: Applying CVar settings from Section [ShadowQuality@3] File [C:/Users/Peter/Documents/Unreal Projects/Koala/Saved/Config/Windows/Scalability.ini]
[2020.04.08-02.19.56:891][  0]LogConfig: Setting CVar [[r.LightFunctionQuality:1]]
[2020.04.08-02.19.56:891][  0]LogConfig: Setting CVar [[r.ShadowQuality:5]]
[2020.04.08-02.19.56:891][  0]LogConfig: Setting CVar [[r.Shadow.CSM.MaxCascades:10]]
[2020.04.08-02.19.56:891][  0]LogConfig: Setting CVar [[r.Shadow.MaxResolution:2048]]
[2020.04.08-02.19.56:891][  0]LogConfig: Setting CVar [[r.Shadow.MaxCSMResolution:2048]]
[2020.04.08-02.19.56:891][  0]LogConfig: Setting CVar [[r.Shadow.RadiusThreshold:0.01]]
[2020.04.08-02.19.56:891][  0]LogConfig: Setting CVar [[r.Shadow.DistanceScale:1.0]]
[2020.04.08-02.19.56:891][  0]LogConfig: Setting CVar [[r.Shadow.CSM.TransitionScale:1.0]]
[2020.04.08-02.19.56:891][  0]LogConfig: Setting CVar [[r.Shadow.PreShadowResolutionFactor:1.0]]
[2020.04.08-02.19.56:891][  0]LogConfig: Setting CVar [[r.DistanceFieldShadowing:1]]
[2020.04.08-02.19.56:891][  0]LogConfig: Setting CVar [[r.DistanceFieldAO:1]]
[2020.04.08-02.19.56:891][  0]LogConfig: Setting CVar [[r.AOQuality:2]]
[2020.04.08-02.19.56:891][  0]LogConfig: Setting CVar [[r.VolumetricFog:1]]
[2020.04.08-02.19.56:891][  0]LogConfig: Setting CVar [[r.VolumetricFog.GridPixelSize:8]]
[2020.04.08-02.19.56:891][  0]LogConfig: Setting CVar [[r.VolumetricFog.GridSizeZ:128]]
[2020.04.08-02.19.56:891][  0]LogConfig: Setting CVar [[r.VolumetricFog.HistoryMissSupersampleCount:4]]
[2020.04.08-02.19.56:891][  0]LogConfig: Setting CVar [[r.LightMaxDrawDistanceScale:1]]
[2020.04.08-02.19.56:891][  0]LogConfig: Setting CVar [[r.CapsuleShadows:1]]
[2020.04.08-02.19.56:891][  0]LogConfig: Applying CVar settings from Section [PostProcessQuality@3] File [C:/Users/Peter/Documents/Unreal Projects/Koala/Saved/Config/Windows/Scalability.ini]
[2020.04.08-02.19.56:891][  0]LogConfig: Setting CVar [[r.MotionBlurQuality:4]]
[2020.04.08-02.19.56:891][  0]LogConfig: Setting CVar [[r.AmbientOcclusionMipLevelFactor:0.4]]
[2020.04.08-02.19.56:891][  0]LogConfig: Setting CVar [[r.AmbientOcclusionMaxQuality:100]]
[2020.04.08-02.19.56:891][  0]LogConfig: Setting CVar [[r.AmbientOcclusionLevels:-1]]
[2020.04.08-02.19.56:891][  0]LogConfig: Setting CVar [[r.AmbientOcclusionRadiusScale:1.0]]
[2020.04.08-02.19.56:891][  0]LogConfig: Setting CVar [[r.DepthOfFieldQuality:2]]
[2020.04.08-02.19.56:891][  0]LogConfig: Setting CVar [[r.RenderTargetPoolMin:400]]
[2020.04.08-02.19.56:891][  0]LogConfig: Setting CVar [[r.LensFlareQuality:2]]
[2020.04.08-02.19.56:891][  0]LogConfig: Setting CVar [[r.SceneColorFringeQuality:1]]
[2020.04.08-02.19.56:891][  0]LogConfig: Setting CVar [[r.EyeAdaptationQuality:2]]
[2020.04.08-02.19.56:891][  0]LogConfig: Setting CVar [[r.BloomQuality:5]]
[2020.04.08-02.19.56:891][  0]LogConfig: Setting CVar [[r.FastBlurThreshold:100]]
[2020.04.08-02.19.56:891][  0]LogConfig: Setting CVar [[r.Upscale.Quality:3]]
[2020.04.08-02.19.56:891][  0]LogConfig: Setting CVar [[r.Tonemapper.GrainQuantization:1]]
[2020.04.08-02.19.56:891][  0]LogConfig: Setting CVar [[r.LightShaftQuality:1]]
[2020.04.08-02.19.56:892][  0]LogConfig: Setting CVar [[r.Filter.SizeScale:1]]
[2020.04.08-02.19.56:892][  0]LogConfig: Setting CVar [[r.Tonemapper.Quality:5]]
[2020.04.08-02.19.56:892][  0]LogConfig: Setting CVar [[r.DOF.Gather.AccumulatorQuality:1        ; higher gathering accumulator quality]]
[2020.04.08-02.19.56:892][  0]LogConfig: Setting CVar [[r.DOF.Gather.PostfilterMethod:1          ; Median3x3 postfilering method]]
[2020.04.08-02.19.56:892][  0]LogConfig: Setting CVar [[r.DOF.Gather.EnableBokehSettings:0       ; no bokeh simulation when gathering]]
[2020.04.08-02.19.56:892][  0]LogConfig: Setting CVar [[r.DOF.Gather.RingCount:4                 ; medium number of samples when gathering]]
[2020.04.08-02.19.56:892][  0]LogConfig: Setting CVar [[r.DOF.Scatter.ForegroundCompositing:1    ; additive foreground scattering]]
[2020.04.08-02.19.56:892][  0]LogConfig: Setting CVar [[r.DOF.Scatter.BackgroundCompositing:2    ; additive background scattering]]
[2020.04.08-02.19.56:892][  0]LogConfig: Setting CVar [[r.DOF.Scatter.EnableBokehSettings:1      ; bokeh simulation when scattering]]
[2020.04.08-02.19.56:892][  0]LogConfig: Setting CVar [[r.DOF.Scatter.MaxSpriteRatio:0.1         ; only a maximum of 10% of scattered bokeh]]
[2020.04.08-02.19.56:892][  0]LogConfig: Setting CVar [[r.DOF.Recombine.Quality:1                ; cheap slight out of focus]]
[2020.04.08-02.19.56:892][  0]LogConfig: Setting CVar [[r.DOF.Recombine.EnableBokehSettings:0    ; no bokeh simulation on slight out of focus]]
[2020.04.08-02.19.56:892][  0]LogConfig: Setting CVar [[r.DOF.TemporalAAQuality:1                ; more stable temporal accumulation]]
[2020.04.08-02.19.56:892][  0]LogConfig: Setting CVar [[r.DOF.Kernel.MaxForegroundRadius:0.025]]
[2020.04.08-02.19.56:892][  0]LogConfig: Setting CVar [[r.DOF.Kernel.MaxBackgroundRadius:0.025]]
[2020.04.08-02.19.56:892][  0]LogConfig: Applying CVar settings from Section [TextureQuality@3] File [C:/Users/Peter/Documents/Unreal Projects/Koala/Saved/Config/Windows/Scalability.ini]
[2020.04.08-02.19.56:892][  0]LogConfig: Setting CVar [[r.Streaming.MipBias:0]]
[2020.04.08-02.19.56:892][  0]LogConfig: Setting CVar [[r.Streaming.AmortizeCPUToGPUCopy:0]]
[2020.04.08-02.19.56:892][  0]LogConfig: Setting CVar [[r.Streaming.MaxNumTexturesToStreamPerFrame:0]]
[2020.04.08-02.19.56:892][  0]LogConfig: Setting CVar [[r.Streaming.Boost:1]]
[2020.04.08-02.19.56:892][  0]LogConfig: Setting CVar [[r.MaxAnisotropy:8]]
[2020.04.08-02.19.56:892][  0]LogConfig: Setting CVar [[r.VT.MaxAnisotropy:8]]
[2020.04.08-02.19.56:892][  0]LogConfig: Setting CVar [[r.Streaming.LimitPoolSizeToVRAM:0]]
[2020.04.08-02.19.56:892][  0]LogConfig: Setting CVar [[r.Streaming.PoolSize:1000]]
[2020.04.08-02.19.56:892][  0]LogConfig: Setting CVar [[r.Streaming.MaxEffectiveScreenSize:0]]
[2020.04.08-02.19.56:892][  0]LogConfig: Applying CVar settings from Section [EffectsQuality@3] File [C:/Users/Peter/Documents/Unreal Projects/Koala/Saved/Config/Windows/Scalability.ini]
[2020.04.08-02.19.56:892][  0]LogConfig: Setting CVar [[r.TranslucencyLightingVolumeDim:64]]
[2020.04.08-02.19.56:892][  0]LogConfig: Setting CVar [[r.RefractionQuality:2]]
[2020.04.08-02.19.56:892][  0]LogConfig: Setting CVar [[r.SSR.Quality:3]]
[2020.04.08-02.19.56:892][  0]LogConfig: Setting CVar [[r.SSR.HalfResSceneColor:0]]
[2020.04.08-02.19.56:892][  0]LogConfig: Setting CVar [[r.SceneColorFormat:4]]
[2020.04.08-02.19.56:892][  0]LogConfig: Setting CVar [[r.DetailMode:2]]
[2020.04.08-02.19.56:892][  0]LogConfig: Setting CVar [[r.TranslucencyVolumeBlur:1]]
[2020.04.08-02.19.56:892][  0]LogConfig: Setting CVar [[r.MaterialQualityLevel:1 ; High quality]]
[2020.04.08-02.19.56:892][  0]LogConfig: Setting CVar [[r.SSS.Scale:1]]
[2020.04.08-02.19.56:892][  0]LogConfig: Setting CVar [[r.SSS.SampleSet:2]]
[2020.04.08-02.19.56:892][  0]LogConfig: Setting CVar [[r.SSS.Quality:1]]
[2020.04.08-02.19.56:892][  0]LogConfig: Setting CVar [[r.SSS.HalfRes:1]]
[2020.04.08-02.19.56:892][  0]LogConfig: Setting CVar [[r.SSGI.Quality:3]]
[2020.04.08-02.19.56:892][  0]LogConfig: Setting CVar [[r.EmitterSpawnRateScale:1.0]]
[2020.04.08-02.19.56:892][  0]LogConfig: Setting CVar [[r.ParticleLightQuality:2]]
[2020.04.08-02.19.56:892][  0]LogConfig: Setting CVar [[r.SkyAtmosphere.AerialPerspectiveLUT.FastApplyOnOpaque:1 ; Always have FastSkyLUT 1 in this case to avoid wrong sky]]
[2020.04.08-02.19.56:892][  0]LogConfig: Setting CVar [[r.SkyAtmosphere.AerialPerspectiveLUT.SampleCountPerSlice:1]]
[2020.04.08-02.19.56:892][  0]LogConfig: Setting CVar [[r.SkyAtmosphere.AerialPerspectiveLUT.DepthResolution:16.0]]
[2020.04.08-02.19.56:892][  0]LogConfig: Setting CVar [[r.SkyAtmosphere.FastSkyLUT:1]]
[2020.04.08-02.19.56:892][  0]LogConfig: Setting CVar [[r.SkyAtmosphere.FastSkyLUT.SampleCountMin:4.0]]
[2020.04.08-02.19.56:892][  0]LogConfig: Setting CVar [[r.SkyAtmosphere.FastSkyLUT.SampleCountMax:32.0]]
[2020.04.08-02.19.56:892][  0]LogConfig: Setting CVar [[r.SkyAtmosphere.SampleCountMin:4.0]]
[2020.04.08-02.19.56:892][  0]LogConfig: Setting CVar [[r.SkyAtmosphere.SampleCountMax:32.0]]
[2020.04.08-02.19.56:892][  0]LogConfig: Setting CVar [[r.SkyAtmosphere.TransmittanceLUT.UseSmallFormat:0]]
[2020.04.08-02.19.56:892][  0]LogConfig: Setting CVar [[r.SkyAtmosphere.TransmittanceLUT.SampleCount:10.0]]
[2020.04.08-02.19.56:892][  0]LogConfig: Setting CVar [[r.SkyAtmosphere.MultiScatteringLUT.SampleCount:15.0]]
[2020.04.08-02.19.56:892][  0]LogConfig: Applying CVar settings from Section [FoliageQuality@3] File [C:/Users/Peter/Documents/Unreal Projects/Koala/Saved/Config/Windows/Scalability.ini]
[2020.04.08-02.19.56:892][  0]LogConfig: Setting CVar [[foliage.DensityScale:1.0]]
[2020.04.08-02.19.56:892][  0]LogConfig: Setting CVar [[grass.DensityScale:1.0]]
[2020.04.08-02.19.56:893][  0]LogConfig: Applying CVar settings from Section [ShadingQuality@3] File [C:/Users/Peter/Documents/Unreal Projects/Koala/Saved/Config/Windows/Scalability.ini]
[2020.04.08-02.19.56:893][  0]LogConfig: Setting CVar [[r.HairStrands.SkyLighting.SampleCount:16]]
[2020.04.08-02.19.56:893][  0]LogConfig: Setting CVar [[r.HairStrands.SkyLighting.JitterIntegration:0]]
[2020.04.08-02.19.56:893][  0]LogConfig: Setting CVar [[r.HairStrands.SkyAO.SampleCount:16]]
[2020.04.08-02.19.56:893][  0]LogConfig: Applying CVar settings from Section [Startup] File [../../../Engine/Config/ConsoleVariables.ini]
[2020.04.08-02.19.56:893][  0]LogConfig: Setting CVar [[net.UseAdaptiveNetUpdateFrequency:0]]
[2020.04.08-02.19.56:893][  0]LogConfig: Setting CVar [[p.chaos.AllowCreatePhysxBodies:1]]
[2020.04.08-02.19.56:893][  0]LogConfig: Applying CVar settings from Section [ConsoleVariables] File [C:/Users/Peter/Documents/Unreal Projects/Koala/Saved/Config/Windows/Engine.ini]
[2020.04.08-02.19.56:893][  0]LogInit: Computer: DESKTOP-S7JHR63
[2020.04.08-02.19.56:893][  0]LogInit: User: Peter
[2020.04.08-02.19.56:893][  0]LogInit: CPU Page size=4096, Cores=2
[2020.04.08-02.19.56:893][  0]LogInit: High frequency timer resolution =10.000000 MHz
[2020.04.08-02.19.56:893][  0]LogMemory: Memory total: Physical=7.9GB (8GB approx)
[2020.04.08-02.19.56:893][  0]LogMemory: Platform Memory Stats for Windows
[2020.04.08-02.19.56:893][  0]LogMemory: Process Physical Memory: 104.90 MB used, 104.90 MB peak
[2020.04.08-02.19.56:893][  0]LogMemory: Process Virtual Memory: 99.60 MB used, 99.60 MB peak
[2020.04.08-02.19.56:893][  0]LogMemory: Physical Memory: 5218.02 MB used,  2876.77 MB free, 8094.79 MB total
[2020.04.08-02.19.56:893][  0]LogMemory: Virtual Memory: 5117.11 MB used,  134212608.00 MB free, 134217728.00 MB total
[2020.04.08-02.19.56:897][  0]LogWindows: WindowsPlatformFeatures enabled
[2020.04.08-02.19.57:020][  0]LogInit: Using OS detected language (es-MX).
[2020.04.08-02.19.57:020][  0]LogInit: Using OS detected locale (es-MX).
[2020.04.08-02.19.57:025][  0]LogTextLocalizationResource: LocRes '../../../Engine/Content/Localization/Editor/es-MX/Editor.locres' could not be opened for reading!
[2020.04.08-02.19.57:025][  0]LogTextLocalizationResource: LocRes '../../../Engine/Content/Localization/EditorTutorials/es-MX/EditorTutorials.locres' could not be opened for reading!
[2020.04.08-02.19.57:025][  0]LogTextLocalizationResource: LocRes '../../../Engine/Content/Localization/Keywords/es-MX/Keywords.locres' could not be opened for reading!
[2020.04.08-02.19.57:025][  0]LogTextLocalizationResource: LocRes '../../../Engine/Content/Localization/Category/es-MX/Category.locres' could not be opened for reading!
[2020.04.08-02.19.57:026][  0]LogTextLocalizationResource: LocRes '../../../Engine/Content/Localization/ToolTips/es-MX/ToolTips.locres' could not be opened for reading!
[2020.04.08-02.19.57:027][  0]LogTextLocalizationResource: LocRes '../../../Engine/Content/Localization/PropertyNames/es-MX/PropertyNames.locres' could not be opened for reading!
[2020.04.08-02.19.57:027][  0]LogTextLocalizationResource: LocRes '../../../Engine/Content/Localization/Engine/es-MX/Engine.locres' could not be opened for reading!
[2020.04.08-02.19.57:027][  0]LogTextLocalizationResource: LocRes '../../../Engine/Plugins/Online/Android/OnlineSubsystemGooglePlay/Content/Localization/OnlineSubsystemGooglePlay/es-MX/OnlineSubsystemGooglePlay.locres' could not be opened for reading!
[2020.04.08-02.19.57:027][  0]LogTextLocalizationResource: LocRes '../../../Engine/Plugins/Online/IOS/OnlineSubsystemIOS/Content/Localization/OnlineSubsystemIOS/es-MX/OnlineSubsystemIOS.locres' could not be opened for reading!
[2020.04.08-02.19.57:036][  0]LogTextLocalizationResource: LocRes '../../../Engine/Plugins/Online/OnlineSubsystemUtils/Content/Localization/OnlineSubsystemUtils/es-MX/OnlineSubsystemUtils.locres' could not be opened for reading!
[2020.04.08-02.19.57:271][  0]LogInit: Setting process to per monitor DPI aware
[2020.04.08-02.19.57:355][  0]LogSlate: New Slate User Created.  User Index 0, Is Virtual User: 0
[2020.04.08-02.19.57:355][  0]LogSlate: Slate User Registered.  User Index 0, Is Virtual User: 0
[2020.04.08-02.20.01:301][  0]LogHMD: Failed to initialize OpenVR with code 110
[2020.04.08-02.20.01:301][  0]LogD3D11RHI: D3D11 min allowed feature level: 11_0
[2020.04.08-02.20.01:301][  0]LogD3D11RHI: D3D11 max allowed feature level: 11_0
[2020.04.08-02.20.01:301][  0]LogD3D11RHI: D3D11 adapters:
[2020.04.08-02.20.01:387][  0]LogD3D11RHI:    0. 'NVIDIA NVS 5200M' (Feature Level 11_0)
[2020.04.08-02.20.01:387][  0]LogD3D11RHI:       979/0/4047 MB DedicatedVideo/DedicatedSystem/SharedSystem, Outputs:1, VendorId:0x10de
[2020.04.08-02.20.01:394][  0]LogD3D11RHI:    1. 'Intel(R) HD Graphics 4000' (Feature Level 11_0)
[2020.04.08-02.20.01:394][  0]LogD3D11RHI:       0/0/1792 MB DedicatedVideo/DedicatedSystem/SharedSystem, Outputs:0, VendorId:0x8086
[2020.04.08-02.20.01:399][  0]LogD3D11RHI:    2. 'Microsoft Basic Render Driver' (Feature Level 11_0)
[2020.04.08-02.20.01:399][  0]LogD3D11RHI:       0/0/4047 MB DedicatedVideo/DedicatedSystem/SharedSystem, Outputs:0, VendorId:0x1414
[2020.04.08-02.20.01:399][  0]LogD3D11RHI: Chosen D3D11 Adapter: 0
[2020.04.08-02.20.01:425][  0]LogD3D11RHI: Creating new Direct3DDevice
[2020.04.08-02.20.01:425][  0]LogD3D11RHI:     GPU DeviceId: 0xdfc (for the marketing name, search the web for "GPU Device Id")
[2020.04.08-02.20.01:425][  0]LogWindows: EnumDisplayDevices:
[2020.04.08-02.20.01:425][  0]LogWindows:    0. 'Intel(R) HD Graphics 4000' (P:1 D:1)
[2020.04.08-02.20.01:425][  0]LogWindows:    1. 'Intel(R) HD Graphics 4000' (P:0 D:0)
[2020.04.08-02.20.01:426][  0]LogWindows:    2. 'NVIDIA NVS 5200M' (P:0 D:0)
[2020.04.08-02.20.01:426][  0]LogWindows:    3. 'NVIDIA NVS 5200M' (P:0 D:0)
[2020.04.08-02.20.01:426][  0]LogWindows: DebugString: PrimaryIsNotTheChoosenAdapter PrimaryIsNotTheChoosenAdapter FoundDriverCount:2 
[2020.04.08-02.20.01:426][  0]LogD3D11RHI:     Adapter Name: NVIDIA NVS 5200M
[2020.04.08-02.20.01:426][  0]LogD3D11RHI:   Driver Version: 387.95 (internal:23.21.13.8795, unified:387.95)
[2020.04.08-02.20.01:426][  0]LogD3D11RHI:      Driver Date: 10-9-2017
[2020.04.08-02.20.01:426][  0]LogRHI: Texture pool is 685 MB (70% of 979 MB)
[2020.04.08-02.20.01:468][  0]LogD3D11RHI: Display: Timestamp queries are currently disabled on this hardware due to instability. Realtime GPU stats will not be available. You can override this behaviour by setting r.NVIDIATimestampWorkaround to 0
[2020.04.08-02.20.01:468][  0]LogD3D11RHI: RHI does not have support for 64 bit atomics
[2020.04.08-02.20.01:470][  0]LogD3D11RHI: Async texture creation enabled
[2020.04.08-02.20.01:491][  0]LogD3D11RHI: GPU Timing Frequency: 1000.000000 (Debug: 2 1)
[2020.04.08-02.20.01:989][  0]LogTargetPlatformManager: Display: Loaded TargetPlatform 'AllDesktop'
[2020.04.08-02.20.02:042][  0]LogTargetPlatformManager: Display: Loaded TargetPlatform 'Android'
[2020.04.08-02.20.02:042][  0]LogTargetPlatformManager: Display: Loaded TargetPlatform 'Android_ASTC'
[2020.04.08-02.20.02:043][  0]LogTargetPlatformManager: Display: Loaded TargetPlatform 'Android_ATC'
[2020.04.08-02.20.02:043][  0]LogTargetPlatformManager: Display: Loaded TargetPlatform 'Android_DXT'
[2020.04.08-02.20.02:043][  0]LogTargetPlatformManager: Display: Loaded TargetPlatform 'Android_ETC1'
[2020.04.08-02.20.02:043][  0]LogTargetPlatformManager: Display: Loaded TargetPlatform 'Android_ETC1a'
[2020.04.08-02.20.02:043][  0]LogTargetPlatformManager: Display: Loaded TargetPlatform 'Android_ETC2'
[2020.04.08-02.20.02:043][  0]LogTargetPlatformManager: Display: Loaded TargetPlatform 'Android_PVRTC'
[2020.04.08-02.20.02:043][  0]LogTargetPlatformManager: Display: Loaded TargetPlatform 'AndroidClient'
[2020.04.08-02.20.02:043][  0]LogTargetPlatformManager: Display: Loaded TargetPlatform 'Android_ASTCClient'
[2020.04.08-02.20.02:043][  0]LogTargetPlatformManager: Display: Loaded TargetPlatform 'Android_ATCClient'
[2020.04.08-02.20.02:043][  0]LogTargetPlatformManager: Display: Loaded TargetPlatform 'Android_DXTClient'
[2020.04.08-02.20.02:043][  0]LogTargetPlatformManager: Display: Loaded TargetPlatform 'Android_ETC1Client'
[2020.04.08-02.20.02:043][  0]LogTargetPlatformManager: Display: Loaded TargetPlatform 'Android_ETC1aClient'
[2020.04.08-02.20.02:043][  0]LogTargetPlatformManager: Display: Loaded TargetPlatform 'Android_ETC2Client'
[2020.04.08-02.20.02:043][  0]LogTargetPlatformManager: Display: Loaded TargetPlatform 'Android_PVRTCClient'
[2020.04.08-02.20.02:043][  0]LogTargetPlatformManager: Display: Loaded TargetPlatform 'Android_Multi'
[2020.04.08-02.20.02:043][  0]LogTargetPlatformManager: Display: Loaded TargetPlatform 'Android_MultiClient'
[2020.04.08-02.20.02:085][  0]LogTargetPlatformManager: Display: Loaded TargetPlatform 'IOSClient'
[2020.04.08-02.20.02:085][  0]LogTargetPlatformManager: Display: Loaded TargetPlatform 'IOS'
[2020.04.08-02.20.02:096][  0]LogTargetPlatformManager: Display: Loaded TargetPlatform 'LinuxNoEditor'
[2020.04.08-02.20.02:106][  0]LogTargetPlatformManager: Display: Loaded TargetPlatform 'LinuxClient'
[2020.04.08-02.20.02:116][  0]LogTargetPlatformManager: Display: Loaded TargetPlatform 'LinuxServer'
[2020.04.08-02.20.02:126][  0]LogTargetPlatformManager: Display: Loaded TargetPlatform 'LinuxAArch64NoEditor'
[2020.04.08-02.20.02:136][  0]LogTargetPlatformManager: Display: Loaded TargetPlatform 'LinuxAArch64Client'
[2020.04.08-02.20.02:147][  0]LogTargetPlatformManager: Display: Loaded TargetPlatform 'LinuxAArch64Server'
[2020.04.08-02.20.02:186][  0]LogTargetPlatformManager: Display: Loaded TargetPlatform 'Lumin'
[2020.04.08-02.20.02:186][  0]LogTargetPlatformManager: Display: Loaded TargetPlatform 'LuminClient'
[2020.04.08-02.20.02:206][  0]LogTargetPlatformManager: Display: Loaded TargetPlatform 'TVOSClient'
[2020.04.08-02.20.02:206][  0]LogTargetPlatformManager: Display: Loaded TargetPlatform 'TVOS'
[2020.04.08-02.20.02:216][  0]LogTargetPlatformManager: Display: Loaded TargetPlatform 'WindowsNoEditor'
[2020.04.08-02.20.02:228][  0]LogTargetPlatformManager: Display: Loaded TargetPlatform 'Windows'
[2020.04.08-02.20.02:239][  0]LogTargetPlatformManager: Display: Loaded TargetPlatform 'WindowsClient'
[2020.04.08-02.20.02:249][  0]LogTargetPlatformManager: Display: Loaded TargetPlatform 'WindowsServer'
[2020.04.08-02.20.02:249][  0]LogTargetPlatformManager: Display: Building Assets For Windows
[2020.04.08-02.20.02:254][  0]LogAudioDebug: Display: Lib vorbis DLL was dynamically loaded.
[2020.04.08-02.20.02:349][  0]LogShaderCompilers: Guid format shader working directory is -15 characters bigger than the processId version (../../../../../../Users/Peter/Documents/Unreal Projects/Koala/Intermediate/Shaders/WorkingDirectory/6360/).
[2020.04.08-02.20.02:349][  0]LogShaderCompilers: Cleaned the shader compiler working directory 'C:/Users/Peter/AppData/Local/Temp/UnrealShaderWorkingDir/5B426D18462AC0F597337EB1BFC09246/'.
[2020.04.08-02.20.02:351][  0]LogXGEController: Cleaning working directory: C:/Users/Peter/AppData/Local/Temp/UnrealXGEWorkingDir/
[2020.04.08-02.20.02:351][  0]LogXGEController: Cannot use XGE Controller as Incredibuild is not installed on this machine.
[2020.04.08-02.20.02:351][  0]LogShaderCompilers: Cannot use XGE Shader Compiler as Incredibuild is not installed on this machine.
[2020.04.08-02.20.02:351][  0]LogShaderCompilers: Display: Using Local Shader Compiler.
[2020.04.08-02.20.06:757][  0]LogDerivedDataCache: Display: Max Cache Size: 512 MB
[2020.04.08-02.20.07:038][  0]LogDerivedDataCache: Loaded boot cache 0.28s 78MB C:/Users/Peter/AppData/Local/UnrealEngine/4.24/DerivedDataCache/Boot.ddc.
[2020.04.08-02.20.07:038][  0]LogDerivedDataCache: Display: Loaded Boot cache: C:/Users/Peter/AppData/Local/UnrealEngine/4.24/DerivedDataCache/Boot.ddc
[2020.04.08-02.20.07:038][  0]LogDerivedDataCache: FDerivedDataBackendGraph:  Pak pak cache file ../../../../../../Users/Peter/Documents/Unreal Projects/Koala/DerivedDataCache/DDC.ddp not found, will not use a pak cache.
[2020.04.08-02.20.07:038][  0]LogDerivedDataCache: Unable to find inner node Pak for hierarchical cache Hierarchy.
[2020.04.08-02.20.07:038][  0]LogDerivedDataCache: FDerivedDataBackendGraph:  CompressedPak pak cache file ../../../../../../Users/Peter/Documents/Unreal Projects/Koala/DerivedDataCache/Compressed.ddp not found, will not use a pak cache.
[2020.04.08-02.20.07:038][  0]LogDerivedDataCache: Unable to find inner node CompressedPak for hierarchical cache Hierarchy.
[2020.04.08-02.20.07:054][  0]LogDerivedDataCache: Display: Pak cache opened for reading ../../../Engine/DerivedDataCache/Compressed.ddp.
[2020.04.08-02.20.07:054][  0]LogDerivedDataCache: FDerivedDataBackendGraph:  EnterprisePak pak cache file ../../../Enterprise/DerivedDataCache/Compressed.ddp not found, will not use a pak cache.
[2020.04.08-02.20.07:054][  0]LogDerivedDataCache: Unable to find inner node EnterprisePak for hierarchical cache Hierarchy.
[2020.04.08-02.20.07:056][  0]LogDerivedDataCache: Using Local data cache path C:/Users/Peter/AppData/Local/UnrealEngine/Common/DerivedDataCache: Writable
[2020.04.08-02.20.07:056][  0]LogDerivedDataCache: Shared data cache path not found in *engine.ini, will not use an Shared cache.
[2020.04.08-02.20.07:056][  0]LogDerivedDataCache: Unable to find inner node Shared for hierarchical cache Hierarchy.
[2020.04.08-02.20.07:157][  0]LogMaterial: Verifying Global Shaders for PCD3D_SM5
[2020.04.08-02.20.07:168][  0]LogSlate: Using FreeType 2.10.0
[2020.04.08-02.20.07:169][  0]LogSlate: SlateFontServices - WITH_FREETYPE: 1, WITH_HARFBUZZ: 1
[2020.04.08-02.20.07:292][  0]LogAssetRegistry: FAssetRegistry took 0.0038 seconds to start up
[2020.04.08-02.20.07:935][  0]LogInit: Selected Device Profile: [Windows]
[2020.04.08-02.20.08:504][  0]LogMeshReduction: Using QuadricMeshReduction for automatic static mesh reduction
[2020.04.08-02.20.08:504][  0]LogMeshReduction: Using SimplygonMeshReduction for automatic skeletal mesh reduction
[2020.04.08-02.20.08:504][  0]LogMeshReduction: Using ProxyLODMeshReduction for automatic mesh merging
[2020.04.08-02.20.08:504][  0]LogMeshReduction: No distributed automatic mesh merging module available
[2020.04.08-02.20.08:504][  0]LogMeshMerging: No distributed automatic mesh merging module available
[2020.04.08-02.20.08:577][  0]LogNetVersion: Koala 1.0.0, NetCL: 10570792, EngineNetVer: 13, GameNetVer: 0 (Checksum: 2842164528)
[2020.04.08-02.20.15:159][  0]LogPackageLocalizationCache: Processed 10 localized package path(s) for 2 prioritized culture(s) in 0.224121 seconds
[2020.04.08-02.20.15:176][  0]LogUObjectArray: 46750 objects as part of root set at end of initial load.
[2020.04.08-02.20.15:176][  0]LogUObjectAllocator: 8137160 out of 0 bytes used by permanent object pool.
[2020.04.08-02.20.15:176][  0]LogUObjectArray: CloseDisregardForGC: 0/0 objects in disregard for GC pool
[2020.04.08-02.20.16:835][  0]LogTcpMessaging: Initializing TcpMessaging bridge
[2020.04.08-02.20.16:841][  0]LogUdpMessaging: Initializing bridge on interface 0.0.0.0:0 to multicast group 230.0.0.1:6666.
[2020.04.08-02.20.16:992][  0]SourceControl: El control de código fuente está desactivado
[2020.04.08-02.20.16:992][  0]SourceControl: El control de código fuente está desactivado
[2020.04.08-02.20.17:011][  0]SourceControl: El control de código fuente está desactivado
[2020.04.08-02.20.17:019][  0]SourceControl: El control de código fuente está desactivado
[2020.04.08-02.20.17:026][  0]SourceControl: El control de código fuente está desactivado
[2020.04.08-02.20.17:323][  0]LogAndroidPermission: UAndroidPermissionCallbackProxy::GetInstance
[2020.04.08-02.20.17:346][  0]LogAudioCaptureCore: Display: No Audio Capture implementations found. Audio input will be silent.
[2020.04.08-02.20.17:346][  0]LogAudioCaptureCore: Display: No Audio Capture implementations found. Audio input will be silent.
[2020.04.08-02.20.17:640][  0]LogOcInput: OculusInput pre-init called
[2020.04.08-02.20.17:665][  0]LogWindows: Failed to load 'OVRPlugin.dll' (GetLastError=126)
[2020.04.08-02.20.17:665][  0]LogWindows: File 'OVRPlugin.dll' does not exist
[2020.04.08-02.20.17:897][  0]LogEngine: Initializing Engine...
[2020.04.08-02.20.17:900][  0]LogHMD: Failed to initialize OpenVR with code 110
[2020.04.08-02.20.17:903][  0]LogStats: UGameplayTagsManager::InitializeManager -  0.001 s
[2020.04.08-02.20.18:744][  0]LogInit: Initializing FReadOnlyCVARCache
[2020.04.08-02.20.18:769][  0]LogAIModule: Creating AISystem for world Untitled
[2020.04.08-02.20.18:772][  0]LogAudioMixer: Display: Audio Mixer Platform Settings:
[2020.04.08-02.20.18:773][  0]LogAudioMixer: Display: 	Sample Rate:						  48000
[2020.04.08-02.20.18:773][  0]LogAudioMixer: Display: 	Callback Buffer Frame Size Requested: 1024
[2020.04.08-02.20.18:773][  0]LogAudioMixer: Display: 	Callback Buffer Frame Size To Use:	  1024
[2020.04.08-02.20.18:773][  0]LogAudioMixer: Display: 	Number of buffers to queue:			  2
[2020.04.08-02.20.18:773][  0]LogAudioMixer: Display: 	Max Channels (voices):				  32
[2020.04.08-02.20.18:773][  0]LogAudioMixer: Display: 	Number of Async Source Workers:		  0
[2020.04.08-02.20.18:773][  0]LogAudio: Display: AudioDevice MaxSources: 32
[2020.04.08-02.20.18:773][  0]LogAudio: Display: Using built-in audio occlusion.
[2020.04.08-02.20.18:773][  0]LogAudioMixer: Display: Initializing audio mixer.
[2020.04.08-02.20.18:796][  0]LogAudioMixer: Display: Audio Device Output Speaker Info:
[2020.04.08-02.20.18:796][  0]LogAudioMixer: Display: Name: Altavoces (High Definition Audio Device)
[2020.04.08-02.20.18:796][  0]LogAudioMixer: Display: Is Default: Yes
[2020.04.08-02.20.18:796][  0]LogAudioMixer: Display: Sample Rate: 48000
[2020.04.08-02.20.18:796][  0]LogAudioMixer: Display: Channel Count Used: 2
[2020.04.08-02.20.18:796][  0]LogAudioMixer: Display: Device Channel Count: 2
[2020.04.08-02.20.18:796][  0]LogAudioMixer: Display: Channel Order:
[2020.04.08-02.20.18:796][  0]LogAudioMixer: Display: 0: FrontLeft
[2020.04.08-02.20.18:796][  0]LogAudioMixer: Display: 1: FrontRight
[2020.04.08-02.20.18:838][  0]LogAudioMixer: Display: Using Audio Device Altavoces (High Definition Audio Device)
[2020.04.08-02.20.18:841][  0]LogInit: FAudioDevice initialized.
[2020.04.08-02.20.18:842][  0]LogNetVersion: Set ProjectVersion to 1.0.0.0. Version Checksum will be recalculated on next use.
[2020.04.08-02.20.18:939][  0]LogDerivedDataCache: Saved boot cache 0.10s 78MB C:/Users/Peter/AppData/Local/UnrealEngine/4.24/DerivedDataCache/Boot.ddc.
[2020.04.08-02.20.18:945][  0]LogInit: Texture streaming: Enabled
[2020.04.08-02.20.18:965][  0]LogEngineSessionManager: EngineSessionManager initialized
[2020.04.08-02.20.18:966][  0]LogEngineSessionManager: EngineSessionManager sent abnormal shutdown report. Type=Crashed, SessionId={D12CA301-4906-A1CA-943A-CC959943AE1E}
[2020.04.08-02.20.18:966][  0]LogEditorSessionSummary: Verbose: Initializing EditorSessionSummaryWriter for editor session tracking
[2020.04.08-02.20.18:973][  0]LogEditorSessionSummary: EditorSessionSummaryWriter initialized
[2020.04.08-02.20.19:066][  0]LogInit: Transaction tracking system initialized
[2020.04.08-02.20.19:115][  0]BlueprintLog: New page: Cargar el editor
[2020.04.08-02.20.19:267][  0]LocalizationService: Localization service is disabled
[2020.04.08-02.20.20:224][  0]LogFileCache: Scanning file cache for directory 'C:/Users/Peter/Documents/Unreal Projects/Koala/Content/' took 0.01s
[2020.04.08-02.20.20:224][  0]LogCook: Display: Max memory allowance for cook 16384mb min free memory 0mb
[2020.04.08-02.20.20:224][  0]LogCook: Display: Mobile HDR setting 1
[2020.04.08-02.20.21:557][  0]SourceControl: El control de código fuente está desactivado
[2020.04.08-02.20.21:700][  0]LogSlate: Took 0.000356 seconds to synchronously load lazily loaded font '../../../Engine/Content/Slate/Fonts/Roboto-Regular.ttf' (155K)
[2020.04.08-02.20.27:618][  0]LogSlate: Window 'Recuperar los paquetes' being destroyed
[2020.04.08-02.20.27:628][  0]LogWindowsTextInputMethodSystem: Display: IME system now deactivated.
[2020.04.08-02.20.27:674][  0]LogWindowsTextInputMethodSystem: Display: IME system now deactivated.
[2020.04.08-02.20.29:152][  0]LogSlate: Window '¡Imposible salir del control del código fuente!' being destroyed
[2020.04.08-02.20.29:153][  0]LogWindowsTextInputMethodSystem: Display: IME system now deactivated.
[2020.04.08-02.20.29:256][  0]LogWindowsTextInputMethodSystem: Display: IME system now deactivated.
[2020.04.08-02.20.29:258][  0]Cmd: MAP LOAD FILE="../../../../../../Users/Peter/Documents/Unreal Projects/Koala/Content/StarterContent/Maps/Minimal_Default.umap" TEMPLATE=0 SHOWPROGRESS=1 FEATURELEVEL=3
[2020.04.08-02.20.29:259][  0]LightingResults: New page: Diseñar la iluminación
[2020.04.08-02.20.29:271][  0]LogWorld: UWorld::CleanupWorld for Untitled, bSessionEnded=true, bCleanupResources=true
[2020.04.08-02.20.29:271][  0]LogSlate: InvalidateAllWidgets triggered.  All widgets were invalidated
[2020.04.08-02.20.29:271][  0]MapCheck: New page: Revisión del mapa
[2020.04.08-02.20.29:271][  0]LightingResults: New page: Diseñar la iluminación
[2020.04.08-02.20.29:312][  0]LogUObjectHash: Compacting FUObjectHashTables data took   3.78ms
[2020.04.08-02.20.29:606][  0]LogAIModule: Creating AISystem for world Minimal_Default
[2020.04.08-02.20.29:628][  0]LogEditorServer: Finished looking for orphan Actors (0.000 secs)
[2020.04.08-02.20.29:658][  0]LogUObjectHash: Compacting FUObjectHashTables data took   2.80ms
[2020.04.08-02.20.29:659][  0]Cmd: MAP CHECKDEP NOCLEARLOG
[2020.04.08-02.20.29:659][  0]MapCheck: Map check complete: 0 Error(s), 0 Warning(s), took 0.314ms to complete.
[2020.04.08-02.20.29:659][  0]LogFileHelpers: Loading map 'Minimal_Default' took 0.401
[2020.04.08-02.20.29:909][  0]LogSlate: Updating window title bar state: overlay mode, drag disabled, window buttons hidden, title bar hidden
[2020.04.08-02.20.29:919][  0]LogSlate: Updating window title bar state: overlay mode, drag disabled, window buttons hidden, title bar hidden
[2020.04.08-02.20.29:928][  0]LogSlate: Updating window title bar state: overlay mode, drag disabled, window buttons hidden, title bar hidden
[2020.04.08-02.20.29:938][  0]LogSlate: Updating window title bar state: overlay mode, drag disabled, window buttons hidden, title bar hidden
[2020.04.08-02.20.29:953][  0]LogCollectionManager: Loaded 0 collections in 0.002726 seconds
[2020.04.08-02.20.29:978][  0]LogFileCache: Scanning file cache for directory 'C:/Users/Peter/Documents/Unreal Projects/Koala/Saved/Collections/' took 0.00s
[2020.04.08-02.20.29:978][  0]LogFileCache: Scanning file cache for directory 'C:/Users/Peter/Documents/Unreal Projects/Koala/Content/Developers/Peter/Collections/' took 0.00s
[2020.04.08-02.20.29:978][  0]LogFileCache: Scanning file cache for directory 'C:/Users/Peter/Documents/Unreal Projects/Koala/Content/Collections/' took 0.00s
[2020.04.08-02.20.29:978][  0]LogContentBrowser: Native class hierarchy populated in 0.0114 seconds. Added 3023 classes and 719 folders.
[2020.04.08-02.20.29:992][  0]LogContentBrowser: Native class hierarchy updated for 'WidgetCarousel' in 0.0004 seconds. Added 0 classes and 0 folders.
[2020.04.08-02.20.30:575][  0]LogContentBrowser: Native class hierarchy updated for 'AddContentDialog' in 0.0005 seconds. Added 0 classes and 0 folders.
[2020.04.08-02.20.30:587][  0]LogContentBrowser: Native class hierarchy updated for 'SceneOutliner' in 0.0005 seconds. Added 2 classes and 3 folders.
[2020.04.08-02.20.33:766][  0]LogSlate: Took 0.000507 seconds to synchronously load lazily loaded font '../../../Engine/Content/Slate/Fonts/Roboto-Bold.ttf' (160K)
[2020.04.08-02.20.33:925][  0]LogSlate: Took 0.152888 seconds to synchronously load lazily loaded font '../../../Engine/Content/Editor/Slate/Fonts/FontAwesome.ttf' (139K)
[2020.04.08-02.20.33:945][  0]LogSlate: Took 0.018305 seconds to synchronously load lazily loaded font '../../../Engine/Content/Slate/Fonts/DroidSansMono.ttf' (77K)
[2020.04.08-02.20.34:354][  0]LogRenderer: Reallocating scene render targets to support 840x372 Format 10 NumSamples 1 (Frame:1).
[2020.04.08-02.20.34:752][  0]LogContentBrowser: Native class hierarchy updated for 'HierarchicalLODOutliner' in 0.0011 seconds. Added 0 classes and 0 folders.
[2020.04.08-02.20.34:753][  0]LogLoad: (Engine Initialization) Total time: 40.62 seconds
[2020.04.08-02.20.34:753][  0]LogLoad: (Engine Initialization) Total Blueprint compile time: 0.00 seconds
[2020.04.08-02.20.34:858][  0]LogContentStreaming: Texture pool size now 1000 MB
[2020.04.08-02.20.35:856][ 17]LogAssetRegistry: Asset discovery search completed in 28.5646 seconds
[2020.04.08-02.20.35:860][ 17]LogCollectionManager: Fixed up redirectors for 0 collections in 0.000014 seconds (updated 0 objects)
[2020.04.08-02.20.40:024][178]LogSlate: Took 0.092378 seconds to synchronously load lazily loaded font '../../../Engine/Content/Slate/Fonts/Roboto-Light.ttf' (167K)
[2020.04.08-02.20.41:450][232]LogSlate: Took 0.000204 seconds to synchronously load lazily loaded font '../../../Engine/Content/Slate/Fonts/Roboto-Light.ttf' (167K)
[2020.04.08-02.20.41:480][232]LogAssetEditorSubsystem: Opening Asset editor for Blueprint /Game/Bullet_BP.Bullet_BP
[2020.04.08-02.20.42:501][232]LogContentBrowser: Native class hierarchy updated for 'BlueprintGraph' in 0.0012 seconds. Added 121 classes and 0 folders.
[2020.04.08-02.20.43:985][232]LogSlate: Took 0.011322 seconds to synchronously load lazily loaded font '../../../Engine/Content/Slate/Fonts/Roboto-BoldCondensed.ttf' (158K)
[2020.04.08-02.20.46:303][312]LogSlate: Window 'Bullet_BP' being destroyed
[2020.04.08-02.20.46:310][312]LogSlate: Window 'Bullet_BP' being destroyed
[2020.04.08-02.20.46:312][312]LogWorld: UWorld::CleanupWorld for World_1, bSessionEnded=true, bCleanupResources=true
[2020.04.08-02.20.46:312][312]LogSlate: InvalidateAllWidgets triggered.  All widgets were invalidated
[2020.04.08-02.20.47:456][340]LogAssetEditorSubsystem: Opening Asset editor for Blueprint /Game/Potato_BP.Potato_BP
[2020.04.08-02.20.49:474][389]LogSlate: Window 'Potato_BP' being destroyed
[2020.04.08-02.20.49:481][389]LogSlate: Window 'Potato_BP' being destroyed
[2020.04.08-02.20.49:482][389]LogWorld: UWorld::CleanupWorld for World_3, bSessionEnded=true, bCleanupResources=true
[2020.04.08-02.20.49:482][389]LogSlate: InvalidateAllWidgets triggered.  All widgets were invalidated
[2020.04.08-02.20.51:757][471]LogTemp: Repeating last play command: Selected Viewport
[2020.04.08-02.20.51:779][471]LogBlueprintUserMessages: Early PlayInEditor Detection: Level '/Game/StarterContent/Maps/Minimal_Default.Minimal_Default:PersistentLevel' has LevelScriptBlueprint '/Game/StarterContent/Maps/Minimal_Default.Minimal_Default:PersistentLevel.Minimal_Default' with GeneratedClass '/Game/StarterContent/Maps/Minimal_Default.Minimal_Default_C' with ClassGeneratedBy '/Game/StarterContent/Maps/Minimal_Default.Minimal_Default:PersistentLevel.Minimal_Default'
[2020.04.08-02.20.51:780][471]LogPlayLevel: PlayLevel: No blueprints needed recompiling
[2020.04.08-02.20.51:808][471]PIE: New page: Sesión PIE (reproducción en el editor): Minimal_Default (7 abr. 2020 16:20:51)
[2020.04.08-02.20.51:809][471]LogOnline: OSS: Creating online subsystem instance for: NULL
[2020.04.08-02.20.51:810][471]LogOnline: OSS: TryLoadSubsystemAndSetDefault: Loaded subsystem for module [NULL]
[2020.04.08-02.20.51:810][471]LogPlayLevel: Creating play world package: /Game/StarterContent/Maps/UEDPIE_0_Minimal_Default
[2020.04.08-02.20.51:826][471]LogPlayLevel: PIE: StaticDuplicateObject took: (0.016199s)
[2020.04.08-02.20.51:828][471]LogAIModule: Creating AISystem for world Minimal_Default
[2020.04.08-02.20.51:829][471]LogPlayLevel: PIE: World Init took: (0.002172s)
[2020.04.08-02.20.51:829][471]LogPlayLevel: PIE: Created PIE world by copying editor world from /Game/StarterContent/Maps/Minimal_Default.Minimal_Default to /Game/StarterContent/Maps/UEDPIE_0_Minimal_Default.Minimal_Default (0.018798s)
[2020.04.08-02.20.51:891][471]LogUObjectHash: Compacting FUObjectHashTables data took   4.50ms
[2020.04.08-02.20.51:894][471]LogAudioMixer: Display: Audio Mixer Platform Settings:
[2020.04.08-02.20.51:894][471]LogAudioMixer: Display: 	Sample Rate:						  48000
[2020.04.08-02.20.51:894][471]LogAudioMixer: Display: 	Callback Buffer Frame Size Requested: 1024
[2020.04.08-02.20.51:894][471]LogAudioMixer: Display: 	Callback Buffer Frame Size To Use:	  1024
[2020.04.08-02.20.51:894][471]LogAudioMixer: Display: 	Number of buffers to queue:			  2
[2020.04.08-02.20.51:894][471]LogAudioMixer: Display: 	Max Channels (voices):				  32
[2020.04.08-02.20.51:894][471]LogAudioMixer: Display: 	Number of Async Source Workers:		  0
[2020.04.08-02.20.51:894][471]LogAudio: Display: AudioDevice MaxSources: 32
[2020.04.08-02.20.51:894][471]LogAudio: Display: Using built-in audio occlusion.
[2020.04.08-02.20.51:894][471]LogAudioMixer: Display: Initializing audio mixer.
[2020.04.08-02.20.51:903][471]LogAudioMixer: Display: Audio Device Output Speaker Info:
[2020.04.08-02.20.51:903][471]LogAudioMixer: Display: Name: Altavoces (High Definition Audio Device)
[2020.04.08-02.20.51:903][471]LogAudioMixer: Display: Is Default: Yes
[2020.04.08-02.20.51:903][471]LogAudioMixer: Display: Sample Rate: 48000
[2020.04.08-02.20.51:903][471]LogAudioMixer: Display: Channel Count Used: 2
[2020.04.08-02.20.51:903][471]LogAudioMixer: Display: Device Channel Count: 2
[2020.04.08-02.20.51:903][471]LogAudioMixer: Display: Channel Order:
[2020.04.08-02.20.51:903][471]LogAudioMixer: Display: 0: FrontLeft
[2020.04.08-02.20.51:903][471]LogAudioMixer: Display: 1: FrontRight
[2020.04.08-02.20.51:916][471]LogAudioMixer: Display: Using Audio Device Altavoces (High Definition Audio Device)
[2020.04.08-02.20.51:918][471]LogInit: FAudioDevice initialized.
[2020.04.08-02.20.52:080][471]LogLoad: Game class is 'KoalaGameModeBase_BP_C'
[2020.04.08-02.20.52:083][471]LogWorld: Bringing World /Game/StarterContent/Maps/UEDPIE_0_Minimal_Default.Minimal_Default up for play (max tick rate 60) at 2020.04.07-21.20.52
[2020.04.08-02.20.52:083][471]LogWorld: Bringing up level for play took: 0.001820
[2020.04.08-02.20.52:083][471]LogOnline: OSS: Creating online subsystem instance for: :Context_6
[2020.04.08-02.20.52:089][471]LogContentBrowser: Native class hierarchy updated for 'MovieSceneCapture' in 0.0005 seconds. Added 20 classes and 0 folders.
[2020.04.08-02.20.52:094][471]PIE: Tiempo de inicio de la reproducción en el editor para  /Game/StarterContent/Maps/UEDPIE_0_Minimal_Default -0.564
[2020.04.08-02.20.52:095][471]LogBlueprintUserMessages: Late PlayInEditor Detection: Level '/Game/StarterContent/Maps/Minimal_Default.Minimal_Default:PersistentLevel' has LevelScriptBlueprint '/Game/StarterContent/Maps/Minimal_Default.Minimal_Default:PersistentLevel.Minimal_Default' with GeneratedClass '/Game/StarterContent/Maps/Minimal_Default.Minimal_Default_C' with ClassGeneratedBy '/Game/StarterContent/Maps/Minimal_Default.Minimal_Default:PersistentLevel.Minimal_Default'
[2020.04.08-02.20.59:204][664]LogWindows: Error: === Critical error: ===
[2020.04.08-02.20.59:204][664]LogWindows: Error: 
[2020.04.08-02.20.59:204][664]LogWindows: Error: Fatal error!
[2020.04.08-02.20.59:204][664]LogWindows: Error: 
[2020.04.08-02.20.59:204][664]LogWindows: Error: Unhandled Exception: EXCEPTION_ACCESS_VIOLATION reading address 0x00000148
[2020.04.08-02.20.59:205][664]LogWindows: Error: 
[2020.04.08-02.20.59:205][664]LogWindows: Error: [Callstack] 0x00007ffa83e0f860 UE4Editor-Engine.dll!UnknownFunction []
[2020.04.08-02.20.59:205][664]LogWindows: Error: [Callstack] 0x00007ffa669f329b UE4Editor-Koala-9266.dll!UnknownFunction []
[2020.04.08-02.20.59:205][664]LogWindows: Error: [Callstack] 0x00007ffa8d3442e8 UE4Editor-CoreUObject.dll!UnknownFunction []
[2020.04.08-02.20.59:205][664]LogWindows: Error: [Callstack] 0x00007ffa8d590028 UE4Editor-CoreUObject.dll!UnknownFunction []
[2020.04.08-02.20.59:205][664]LogWindows: Error: [Callstack] 0x00007ffa83e18128 UE4Editor-Engine.dll!UnknownFunction []
[2020.04.08-02.20.59:205][664]LogWindows: Error: [Callstack] 0x00007ffa83dbde60 UE4Editor-Engine.dll!UnknownFunction []
[2020.04.08-02.20.59:205][664]LogWindows: Error: [Callstack] 0x00007ffa83db672e UE4Editor-Engine.dll!UnknownFunction []
[2020.04.08-02.20.59:205][664]LogWindows: Error: [Callstack] 0x00007ffa83e0ce7c UE4Editor-Engine.dll!UnknownFunction []
[2020.04.08-02.20.59:205][664]LogWindows: Error: [Callstack] 0x00007ffa83decae8 UE4Editor-Engine.dll!UnknownFunction []
[2020.04.08-02.20.59:205][664]LogWindows: Error: [Callstack] 0x00007ffa84236ea5 UE4Editor-Engine.dll!UnknownFunction []
[2020.04.08-02.20.59:205][664]LogWindows: Error: [Callstack] 0x00007ffa84252d1b UE4Editor-Engine.dll!UnknownFunction []
[2020.04.08-02.20.59:205][664]LogWindows: Error: [Callstack] 0x00007ffa84253017 UE4Editor-Engine.dll!UnknownFunction []
[2020.04.08-02.20.59:205][664]LogWindows: Error: [Callstack] 0x00007ffa8425f49b UE4Editor-Engine.dll!UnknownFunction []
[2020.04.08-02.20.59:205][664]LogWindows: Error: [Callstack] 0x00007ffa842b3eda UE4Editor-Engine.dll!UnknownFunction []
[2020.04.08-02.20.59:205][664]LogWindows: Error: [Callstack] 0x00007ffa84191db8 UE4Editor-Engine.dll!UnknownFunction []
[2020.04.08-02.20.59:205][664]LogWindows: Error: [Callstack] 0x00007ffa841c2d64 UE4Editor-Engine.dll!UnknownFunction []
[2020.04.08-02.20.59:205][664]LogWindows: Error: [Callstack] 0x00007ffa84f33c23 UE4Editor-Engine.dll!UnknownFunction []
[2020.04.08-02.20.59:205][664]LogWindows: Error: [Callstack] 0x00007ffa84f41c16 UE4Editor-Engine.dll!UnknownFunction []
[2020.04.08-02.20.59:205][664]LogWindows: Error: [Callstack] 0x00007ffa8d919ff2 UE4Editor-Core.dll!UnknownFunction []
[2020.04.08-02.20.59:205][664]LogWindows: Error: [Callstack] 0x00007ffa8d91a393 UE4Editor-Core.dll!UnknownFunction []
[2020.04.08-02.20.59:205][664]LogWindows: Error: [Callstack] 0x00007ffa8d92aa68 UE4Editor-Core.dll!UnknownFunction []
[2020.04.08-02.20.59:205][664]LogWindows: Error: [Callstack] 0x00007ffa84f60360 UE4Editor-Engine.dll!UnknownFunction []
[2020.04.08-02.20.59:205][664]LogWindows: Error: [Callstack] 0x00007ffa84f65ff2 UE4Editor-Engine.dll!UnknownFunction []
[2020.04.08-02.20.59:205][664]LogWindows: Error: [Callstack] 0x00007ffa846e9f1f UE4Editor-Engine.dll!UnknownFunction []
[2020.04.08-02.20.59:205][664]LogWindows: Error: [Callstack] 0x00007ffa846f4de7 UE4Editor-Engine.dll!UnknownFunction []
[2020.04.08-02.20.59:205][664]LogWindows: Error: [Callstack] 0x00007ffa81cbadb0 UE4Editor-UnrealEd.dll!UnknownFunction []
[2020.04.08-02.20.59:205][664]LogWindows: Error: [Callstack] 0x00007ffa8251ddc6 UE4Editor-UnrealEd.dll!UnknownFunction []
[2020.04.08-02.20.59:205][664]LogWindows: Error: [Callstack] 0x00007ff60eb97f62 UE4Editor.exe!UnknownFunction []
[2020.04.08-02.20.59:205][664]LogWindows: Error: [Callstack] 0x00007ff60ebac3ec UE4Editor.exe!UnknownFunction []
[2020.04.08-02.20.59:205][664]LogWindows: Error: [Callstack] 0x00007ff60ebac4ca UE4Editor.exe!UnknownFunction []
[2020.04.08-02.20.59:205][664]LogWindows: Error: [Callstack] 0x00007ff60ebbceae UE4Editor.exe!UnknownFunction []
[2020.04.08-02.20.59:205][664]LogWindows: Error: [Callstack] 0x00007ff60ebbfcbe UE4Editor.exe!UnknownFunction []
[2020.04.08-02.20.59:206][664]LogWindows: Error: [Callstack] 0x00007ffad0db7bd4 KERNEL32.DLL!UnknownFunction []
[2020.04.08-02.20.59:206][664]LogWindows: Error: [Callstack] 0x00007ffad2a8ced1 ntdll.dll!UnknownFunction []
[2020.04.08-02.20.59:206][664]LogWindows: Error: 
[2020.04.08-02.20.59:221][664]LogExit: Executing StaticShutdownAfterError
[2020.04.08-02.20.59:225][664]LogWindows: FPlatformMisc::RequestExit(1)
[2020.04.08-02.20.59:225][664]LogCore: Engine exit requested (reason: Win RequestExit)
[2020.04.08-02.20.59:231][664]Log file closed, 04/07/20 21:20:59
