Log file open, 04/18/20 01:20:37
LogWindows: Failed to load 'aqProf.dll' (GetLastError=126)
LogWindows: File 'aqProf.dll' does not exist
LogWindows: Failed to load 'VtuneApi.dll' (GetLastError=126)
LogWindows: File 'VtuneApi.dll' does not exist
LogWindows: Failed to load 'VtuneApi32e.dll' (GetLastError=126)
LogWindows: File 'VtuneApi32e.dll' does not exist
LogConsoleResponse: Display: Failed to find resolution value strings in scalability ini. Falling back to default.
LogInit: Display: Running engine for game: Koala
LogPlatformFile: Not using cached read wrapper
LogTaskGraph: Started task graph with 5 named threads and 11 total threads with 3 sets of task threads.
LogStats: Stats thread started at 0.156256
LogD3D11RHI: Loaded GFSDK_Aftermath_Lib.x64.dll
LogICUInternationalization: ICU TimeZone Detection - Raw Offset: -6:00, Platform Override: ''
LogPluginManager: Mounting plugin Paper2D
LogPluginManager: Mounting plugin AISupport
LogPluginManager: Mounting plugin LightPropagationVolume
LogPluginManager: Mounting plugin ActorLayerUtilities
LogPluginManager: Mounting plugin AnimationSharing
LogPluginManager: Mounting plugin CLionSourceCodeAccess
LogPluginManager: Mounting plugin CodeLiteSourceCodeAccess
LogPluginManager: Mounting plugin GitSourceControl
LogPluginManager: Mounting plugin KDevelopSourceCodeAccess
LogPluginManager: Mounting plugin NullSourceCodeAccess
LogPluginManager: Mounting plugin PerforceSourceControl
LogPluginManager: Mounting plugin PlasticSourceControl
LogPluginManager: Mounting plugin SubversionSourceControl
LogPluginManager: Mounting plugin UObjectPlugin
LogPluginManager: Mounting plugin VisualStudioCodeSourceCodeAccess
LogPluginManager: Mounting plugin VisualStudioSourceCodeAccess
LogPluginManager: Mounting plugin XCodeSourceCodeAccess
LogPluginManager: Mounting plugin AssetManagerEditor
LogPluginManager: Mounting plugin CryptoKeys
LogPluginManager: Mounting plugin CurveEditorTools
LogPluginManager: Mounting plugin DataValidation
LogPluginManager: Mounting plugin FacialAnimation
LogPluginManager: Mounting plugin GameplayTagsEditor
LogPluginManager: Mounting plugin MacGraphicsSwitching
LogPluginManager: Mounting plugin MaterialAnalyzer
LogPluginManager: Mounting plugin MobileLauncherProfileWizard
LogPluginManager: Mounting plugin PluginBrowser
LogPluginManager: Mounting plugin SpeedTreeImporter
LogPluginManager: Mounting plugin DatasmithContent
LogPluginManager: Mounting plugin VariantManagerContent
LogPluginManager: Mounting plugin AlembicImporter
LogPluginManager: Mounting plugin AutomationUtils
LogPluginManager: Mounting plugin BackChannel
LogPluginManager: Mounting plugin CharacterAI
LogPluginManager: Mounting plugin GeometryCache
LogPluginManager: Mounting plugin PlatformCrypto
LogPluginManager: Mounting plugin ProxyLODPlugin
LogPluginManager: Mounting plugin SkeletalReduction
LogPluginManager: Mounting plugin MagicLeap
LogPluginManager: Mounting plugin MagicLeapMedia
LogPluginManager: Mounting plugin MLSDK
LogPluginManager: Mounting plugin AndroidMedia
LogPluginManager: Mounting plugin AvfMedia
LogPluginManager: Mounting plugin ImgMedia
LogPluginManager: Mounting plugin MediaCompositing
LogPluginManager: Mounting plugin MediaPlayerEditor
LogPluginManager: Mounting plugin WebMMedia
LogPluginManager: Mounting plugin WmfMedia
LogPluginManager: Mounting plugin TcpMessaging
LogPluginManager: Mounting plugin UdpMessaging
LogPluginManager: Mounting plugin ActorSequence
LogPluginManager: Mounting plugin LevelSequenceEditor
LogPluginManager: Mounting plugin MatineeToLevelSequence
LogPluginManager: Mounting plugin NetcodeUnitTest
LogPluginManager: Mounting plugin NUTUnrealEngine4
LogPluginManager: Mounting plugin OnlineSubsystemGooglePlay
LogPluginManager: Mounting plugin OnlineSubsystemIOS
LogPluginManager: Mounting plugin OnlineSubsystem
LogPluginManager: Mounting plugin OnlineSubsystemNull
LogPluginManager: Mounting plugin OnlineSubsystemUtils
LogPluginManager: Mounting plugin LauncherChunkInstaller
LogPluginManager: Mounting plugin AndroidDeviceProfileSelector
LogPluginManager: Mounting plugin AndroidMoviePlayer
LogPluginManager: Mounting plugin AndroidPermission
LogPluginManager: Mounting plugin AppleImageUtils
LogPluginManager: Mounting plugin AppleMoviePlayer
LogPluginManager: Mounting plugin ArchVisCharacter
LogPluginManager: Mounting plugin AssetTags
LogPluginManager: Mounting plugin AudioCapture
LogPluginManager: Mounting plugin CableComponent
LogPluginManager: Mounting plugin CustomMeshComponent
LogPluginManager: Mounting plugin EditableMesh
LogPluginManager: Mounting plugin ExampleDeviceProfileSelector
LogPluginManager: Mounting plugin GoogleCloudMessaging
LogPluginManager: Mounting plugin IOSDeviceProfileSelector
LogPluginManager: Mounting plugin LinuxDeviceProfileSelector
LogPluginManager: Mounting plugin LocationServicesBPLibrary
LogPluginManager: Mounting plugin MobilePatchingUtils
LogPluginManager: Mounting plugin OculusVR
LogPluginManager: Mounting plugin PhysXVehicles
LogPluginManager: Mounting plugin PostSplashScreen
LogPluginManager: Mounting plugin ProceduralMeshComponent
LogPluginManager: Mounting plugin RuntimePhysXCooking
LogPluginManager: Mounting plugin SignificanceManager
LogPluginManager: Mounting plugin SteamVR
LogPluginManager: Mounting plugin WebMMoviePlayer
LogPluginManager: Mounting plugin WindowsMoviePlayer
LogPluginManager: Mounting plugin ScreenshotTools
LogInit: Using libcurl 7.55.1-DEV
LogInit:  - built for x86_64-pc-win32
LogInit:  - supports SSL with OpenSSL/1.1.1
LogInit:  - supports HTTP deflate (compression) using libz 1.2.8
LogInit:  - other features:
LogInit:      CURL_VERSION_SSL
LogInit:      CURL_VERSION_LIBZ
LogInit:      CURL_VERSION_IPV6
LogInit:      CURL_VERSION_ASYNCHDNS
LogInit:      CURL_VERSION_LARGEFILE
LogInit:      CURL_VERSION_IDN
LogInit:  CurlRequestOptions (configurable via config and command line):
LogInit:  - bVerifyPeer = true  - Libcurl will verify peer certificate
LogInit:  - bUseHttpProxy = false  - Libcurl will NOT use HTTP proxy
LogInit:  - bDontReuseConnections = false  - Libcurl will reuse connections
LogInit:  - MaxHostConnections = 16  - Libcurl will limit the number of connections to a host
LogInit:  - LocalHostAddr = Default
LogInit:  - BufferSize = 65536
LogOnline: OSS: Creating online subsystem instance for: NULL
LogInit: WinSock: version 1.1 (2.2), MaxSocks=32767, MaxUdp=65467
LogOnline: OSS: TryLoadSubsystemAndSetDefault: Loaded subsystem for module [NULL]
LogInit: Build: ++UE4+Release-4.24-CL-10570792
LogInit: Engine Version: 4.24.0-10570792+++UE4+Release-4.24
LogInit: Compatible Engine Version: 4.24.0-10570792+++UE4+Release-4.24
LogInit: Net CL: 10570792
LogInit: OS: Windows 10 (Release 1909) (), CPU:        Intel(R) Core(TM) i5-3320M CPU @ 2.60GHz, GPU: Intel(R) HD Graphics 4000
LogInit: Compiled (64-bit): Dec  6 2019 02:05:13
LogInit: Compiled with Visual C++: 19.16.27032.01
LogInit: Build Configuration: Development
LogInit: Branch Name: ++UE4+Release-4.24
LogInit: Command Line: 
LogInit: Base Directory: C:/Program Files/Epic Games/UE_4.24/Engine/Binaries/Win64/
LogInit: Installed Engine Build: 1
LogDevObjectVersion: Number of dev versions registered: 25
LogDevObjectVersion:   Dev-Blueprints (B0D832E4-1F89-4F0D-ACCF-7EB736FD4AA2): 10
LogDevObjectVersion:   Dev-Build (E1C64328-A22C-4D53-A36C-8E866417BD8C): 0
LogDevObjectVersion:   Dev-Core (375EC13C-06E4-48FB-B500-84F0262A717E): 3
LogDevObjectVersion:   Dev-Editor (E4B068ED-F494-42E9-A231-DA0B2E46BB41): 37
LogDevObjectVersion:   Dev-Framework (CFFC743F-43B0-4480-9391-14DF171D2073): 36
LogDevObjectVersion:   Dev-Mobile (B02B49B5-BB20-44E9-A304-32B752E40360): 2
LogDevObjectVersion:   Dev-Networking (A4E4105C-59A1-49B5-A7C5-40C4547EDFEE): 0
LogDevObjectVersion:   Dev-Online (39C831C9-5AE6-47DC-9A44-9C173E1C8E7C): 0
LogDevObjectVersion:   Dev-Physics (78F01B33-EBEA-4F98-B9B4-84EACCB95AA2): 2
LogDevObjectVersion:   Dev-Platform (6631380F-2D4D-43E0-8009-CF276956A95A): 0
LogDevObjectVersion:   Dev-Rendering (12F88B9F-8875-4AFC-A67C-D90C383ABD29): 36
LogDevObjectVersion:   Dev-Sequencer (7B5AE74C-D270-4C10-A958-57980B212A5A): 11
LogDevObjectVersion:   Dev-VR (D7296918-1DD6-4BDD-9DE2-64A83CC13884): 2
LogDevObjectVersion:   Dev-LoadTimes (C2A15278-BFE7-4AFE-6C17-90FF531DF755): 1
LogDevObjectVersion:   Private-Geometry (6EACA3D4-40EC-4CC1-B786-8BED09428FC5): 3
LogDevObjectVersion:   Dev-AnimPhys (29E575DD-E0A3-4627-9D10-D276232CDCEA): 17
LogDevObjectVersion:   Dev-Anim (AF43A65D-7FD3-4947-9873-3E8ED9C1BB05): 2
LogDevObjectVersion:   Dev-ReflectionCapture (6B266CEC-1EC7-4B8F-A30B-E4D90942FC07): 1
LogDevObjectVersion:   Dev-Automation (0DF73D61-A23F-47EA-B727-89E90C41499A): 1
LogDevObjectVersion:   FortniteMain (601D1886-AC64-4F84-AA16-D3DE0DEAC7D6): 31
LogDevObjectVersion:   Dev-Enterprise (9DFFBCD6-494F-0158-E221-12823C92A888): 8
LogDevObjectVersion:   Dev-Niagara (F2AED0AC-9AFE-416F-8664-AA7FFA26D6FC): 1
LogDevObjectVersion:   Dev-Destruction (174F1F0B-B4C6-45A5-B13F-2EE8D0FB917D): 9
LogDevObjectVersion:   Dev-Physics-Ext (35F94A83-E258-406C-A318-09F59610247C): 8
LogDevObjectVersion:   Dev-CineCamera (B2E18506-4273-CFC2-A54E-F4BB758BBA07): 1
LogInit: Presizing for max 25165824 objects, including 0 objects not considered by GC, pre-allocating 0 bytes for permanent pool.
LogInit: Object subsystem initialized
LogConfig: Setting CVar [[con.DebugEarlyDefault:1]]
LogConfig: Setting CVar [[r.setres:1280x720]]
[2020.04.18-06.20.38:065][  0]LogConfig: Setting CVar [[r.VSync:0]]
[2020.04.18-06.20.38:065][  0]LogConfig: Setting CVar [[r.RHICmdBypass:0]]
[2020.04.18-06.20.38:065][  0]LogConfig: Applying CVar settings from Section [/Script/Engine.RendererSettings] File [C:/Users/Peter/Documents/Unreal Projects/Koala/Saved/Config/Windows/Engine.ini]
[2020.04.18-06.20.38:065][  0]LogConfig: Setting CVar [[r.GPUCrashDebugging:0]]
[2020.04.18-06.20.38:065][  0]LogConfig: Applying CVar settings from Section [/Script/Engine.RendererOverrideSettings] File [C:/Users/Peter/Documents/Unreal Projects/Koala/Saved/Config/Windows/Engine.ini]
[2020.04.18-06.20.38:065][  0]LogConfig: Applying CVar settings from Section [/Script/Engine.StreamingSettings] File [C:/Users/Peter/Documents/Unreal Projects/Koala/Saved/Config/Windows/Engine.ini]
[2020.04.18-06.20.38:065][  0]LogConfig: Setting CVar [[s.MinBulkDataSizeForAsyncLoading:131072]]
[2020.04.18-06.20.38:065][  0]LogConfig: Setting CVar [[s.AsyncLoadingThreadEnabled:0]]
[2020.04.18-06.20.38:065][  0]LogConfig: Setting CVar [[s.EventDrivenLoaderEnabled:1]]
[2020.04.18-06.20.38:065][  0]LogConfig: Setting CVar [[s.WarnIfTimeLimitExceeded:0]]
[2020.04.18-06.20.38:065][  0]LogConfig: Setting CVar [[s.TimeLimitExceededMultiplier:1.5]]
[2020.04.18-06.20.38:065][  0]LogConfig: Setting CVar [[s.TimeLimitExceededMinTime:0.005]]
[2020.04.18-06.20.38:065][  0]LogConfig: Setting CVar [[s.UseBackgroundLevelStreaming:1]]
[2020.04.18-06.20.38:065][  0]LogConfig: Setting CVar [[s.PriorityAsyncLoadingExtraTime:15.0]]
[2020.04.18-06.20.38:065][  0]LogConfig: Setting CVar [[s.LevelStreamingActorsUpdateTimeLimit:5.0]]
[2020.04.18-06.20.38:065][  0]LogConfig: Setting CVar [[s.PriorityLevelStreamingActorsUpdateExtraTime:5.0]]
[2020.04.18-06.20.38:065][  0]LogConfig: Setting CVar [[s.LevelStreamingComponentsRegistrationGranularity:10]]
[2020.04.18-06.20.38:065][  0]LogConfig: Setting CVar [[s.UnregisterComponentsTimeLimit:1.0]]
[2020.04.18-06.20.38:065][  0]LogConfig: Setting CVar [[s.LevelStreamingComponentsUnregistrationGranularity:5]]
[2020.04.18-06.20.38:065][  0]LogConfig: Setting CVar [[s.FlushStreamingOnExit:1]]
[2020.04.18-06.20.38:065][  0]LogConfig: Applying CVar settings from Section [/Script/Engine.GarbageCollectionSettings] File [C:/Users/Peter/Documents/Unreal Projects/Koala/Saved/Config/Windows/Engine.ini]
[2020.04.18-06.20.38:065][  0]LogConfig: Setting CVar [[gc.MaxObjectsNotConsideredByGC:1]]
[2020.04.18-06.20.38:065][  0]LogConfig: Setting CVar [[gc.SizeOfPermanentObjectPool:0]]
[2020.04.18-06.20.38:065][  0]LogConfig: Setting CVar [[gc.FlushStreamingOnGC:0]]
[2020.04.18-06.20.38:065][  0]LogConfig: Setting CVar [[gc.NumRetriesBeforeForcingGC:10]]
[2020.04.18-06.20.38:065][  0]LogConfig: Setting CVar [[gc.AllowParallelGC:1]]
[2020.04.18-06.20.38:065][  0]LogConfig: Setting CVar [[gc.TimeBetweenPurgingPendingKillObjects:61.1]]
[2020.04.18-06.20.38:065][  0]LogConfig: Setting CVar [[gc.MaxObjectsInEditor:25165824]]
[2020.04.18-06.20.38:065][  0]LogConfig: Setting CVar [[gc.IncrementalBeginDestroyEnabled:1]]
[2020.04.18-06.20.38:065][  0]LogConfig: Setting CVar [[gc.CreateGCClusters:1]]
[2020.04.18-06.20.38:065][  0]LogConfig: Setting CVar [[gc.MinGCClusterSize:5]]
[2020.04.18-06.20.38:065][  0]LogConfig: Setting CVar [[gc.ActorClusteringEnabled:0]]
[2020.04.18-06.20.38:065][  0]LogConfig: Setting CVar [[gc.BlueprintClusteringEnabled:0]]
[2020.04.18-06.20.38:065][  0]LogConfig: Setting CVar [[gc.UseDisregardForGCOnDedicatedServers:0]]
[2020.04.18-06.20.38:065][  0]LogConfig: Applying CVar settings from Section [/Script/Engine.NetworkSettings] File [C:/Users/Peter/Documents/Unreal Projects/Koala/Saved/Config/Windows/Engine.ini]
[2020.04.18-06.20.38:066][  0]LogConfig: Applying CVar settings from Section [/Script/UnrealEd.CookerSettings] File [C:/Users/Peter/Documents/Unreal Projects/Koala/Saved/Config/Windows/Engine.ini]
[2020.04.18-06.20.38:068][  0]LogConfig: Applying CVar settings from Section [ViewDistanceQuality@3] File [C:/Users/Peter/Documents/Unreal Projects/Koala/Saved/Config/Windows/Scalability.ini]
[2020.04.18-06.20.38:069][  0]LogConfig: Setting CVar [[r.SkeletalMeshLODBias:0]]
[2020.04.18-06.20.38:069][  0]LogConfig: Setting CVar [[r.ViewDistanceScale:1.0]]
[2020.04.18-06.20.38:069][  0]LogConfig: Applying CVar settings from Section [AntiAliasingQuality@3] File [C:/Users/Peter/Documents/Unreal Projects/Koala/Saved/Config/Windows/Scalability.ini]
[2020.04.18-06.20.38:069][  0]LogConfig: Setting CVar [[r.PostProcessAAQuality:4]]
[2020.04.18-06.20.38:069][  0]LogConfig: Applying CVar settings from Section [ShadowQuality@3] File [C:/Users/Peter/Documents/Unreal Projects/Koala/Saved/Config/Windows/Scalability.ini]
[2020.04.18-06.20.38:069][  0]LogConfig: Setting CVar [[r.LightFunctionQuality:1]]
[2020.04.18-06.20.38:069][  0]LogConfig: Setting CVar [[r.ShadowQuality:5]]
[2020.04.18-06.20.38:069][  0]LogConfig: Setting CVar [[r.Shadow.CSM.MaxCascades:10]]
[2020.04.18-06.20.38:069][  0]LogConfig: Setting CVar [[r.Shadow.MaxResolution:2048]]
[2020.04.18-06.20.38:069][  0]LogConfig: Setting CVar [[r.Shadow.MaxCSMResolution:2048]]
[2020.04.18-06.20.38:069][  0]LogConfig: Setting CVar [[r.Shadow.RadiusThreshold:0.01]]
[2020.04.18-06.20.38:069][  0]LogConfig: Setting CVar [[r.Shadow.DistanceScale:1.0]]
[2020.04.18-06.20.38:069][  0]LogConfig: Setting CVar [[r.Shadow.CSM.TransitionScale:1.0]]
[2020.04.18-06.20.38:069][  0]LogConfig: Setting CVar [[r.Shadow.PreShadowResolutionFactor:1.0]]
[2020.04.18-06.20.38:069][  0]LogConfig: Setting CVar [[r.DistanceFieldShadowing:1]]
[2020.04.18-06.20.38:069][  0]LogConfig: Setting CVar [[r.DistanceFieldAO:1]]
[2020.04.18-06.20.38:069][  0]LogConfig: Setting CVar [[r.AOQuality:2]]
[2020.04.18-06.20.38:069][  0]LogConfig: Setting CVar [[r.VolumetricFog:1]]
[2020.04.18-06.20.38:069][  0]LogConfig: Setting CVar [[r.VolumetricFog.GridPixelSize:8]]
[2020.04.18-06.20.38:069][  0]LogConfig: Setting CVar [[r.VolumetricFog.GridSizeZ:128]]
[2020.04.18-06.20.38:069][  0]LogConfig: Setting CVar [[r.VolumetricFog.HistoryMissSupersampleCount:4]]
[2020.04.18-06.20.38:069][  0]LogConfig: Setting CVar [[r.LightMaxDrawDistanceScale:1]]
[2020.04.18-06.20.38:069][  0]LogConfig: Setting CVar [[r.CapsuleShadows:1]]
[2020.04.18-06.20.38:069][  0]LogConfig: Applying CVar settings from Section [PostProcessQuality@3] File [C:/Users/Peter/Documents/Unreal Projects/Koala/Saved/Config/Windows/Scalability.ini]
[2020.04.18-06.20.38:069][  0]LogConfig: Setting CVar [[r.MotionBlurQuality:4]]
[2020.04.18-06.20.38:069][  0]LogConfig: Setting CVar [[r.AmbientOcclusionMipLevelFactor:0.4]]
[2020.04.18-06.20.38:069][  0]LogConfig: Setting CVar [[r.AmbientOcclusionMaxQuality:100]]
[2020.04.18-06.20.38:069][  0]LogConfig: Setting CVar [[r.AmbientOcclusionLevels:-1]]
[2020.04.18-06.20.38:069][  0]LogConfig: Setting CVar [[r.AmbientOcclusionRadiusScale:1.0]]
[2020.04.18-06.20.38:069][  0]LogConfig: Setting CVar [[r.DepthOfFieldQuality:2]]
[2020.04.18-06.20.38:069][  0]LogConfig: Setting CVar [[r.RenderTargetPoolMin:400]]
[2020.04.18-06.20.38:069][  0]LogConfig: Setting CVar [[r.LensFlareQuality:2]]
[2020.04.18-06.20.38:070][  0]LogConfig: Setting CVar [[r.SceneColorFringeQuality:1]]
[2020.04.18-06.20.38:070][  0]LogConfig: Setting CVar [[r.EyeAdaptationQuality:2]]
[2020.04.18-06.20.38:070][  0]LogConfig: Setting CVar [[r.BloomQuality:5]]
[2020.04.18-06.20.38:070][  0]LogConfig: Setting CVar [[r.FastBlurThreshold:100]]
[2020.04.18-06.20.38:070][  0]LogConfig: Setting CVar [[r.Upscale.Quality:3]]
[2020.04.18-06.20.38:070][  0]LogConfig: Setting CVar [[r.Tonemapper.GrainQuantization:1]]
[2020.04.18-06.20.38:070][  0]LogConfig: Setting CVar [[r.LightShaftQuality:1]]
[2020.04.18-06.20.38:070][  0]LogConfig: Setting CVar [[r.Filter.SizeScale:1]]
[2020.04.18-06.20.38:070][  0]LogConfig: Setting CVar [[r.Tonemapper.Quality:5]]
[2020.04.18-06.20.38:070][  0]LogConfig: Setting CVar [[r.DOF.Gather.AccumulatorQuality:1        ; higher gathering accumulator quality]]
[2020.04.18-06.20.38:070][  0]LogConfig: Setting CVar [[r.DOF.Gather.PostfilterMethod:1          ; Median3x3 postfilering method]]
[2020.04.18-06.20.38:070][  0]LogConfig: Setting CVar [[r.DOF.Gather.EnableBokehSettings:0       ; no bokeh simulation when gathering]]
[2020.04.18-06.20.38:070][  0]LogConfig: Setting CVar [[r.DOF.Gather.RingCount:4                 ; medium number of samples when gathering]]
[2020.04.18-06.20.38:070][  0]LogConfig: Setting CVar [[r.DOF.Scatter.ForegroundCompositing:1    ; additive foreground scattering]]
[2020.04.18-06.20.38:070][  0]LogConfig: Setting CVar [[r.DOF.Scatter.BackgroundCompositing:2    ; additive background scattering]]
[2020.04.18-06.20.38:070][  0]LogConfig: Setting CVar [[r.DOF.Scatter.EnableBokehSettings:1      ; bokeh simulation when scattering]]
[2020.04.18-06.20.38:070][  0]LogConfig: Setting CVar [[r.DOF.Scatter.MaxSpriteRatio:0.1         ; only a maximum of 10% of scattered bokeh]]
[2020.04.18-06.20.38:070][  0]LogConfig: Setting CVar [[r.DOF.Recombine.Quality:1                ; cheap slight out of focus]]
[2020.04.18-06.20.38:070][  0]LogConfig: Setting CVar [[r.DOF.Recombine.EnableBokehSettings:0    ; no bokeh simulation on slight out of focus]]
[2020.04.18-06.20.38:070][  0]LogConfig: Setting CVar [[r.DOF.TemporalAAQuality:1                ; more stable temporal accumulation]]
[2020.04.18-06.20.38:070][  0]LogConfig: Setting CVar [[r.DOF.Kernel.MaxForegroundRadius:0.025]]
[2020.04.18-06.20.38:070][  0]LogConfig: Setting CVar [[r.DOF.Kernel.MaxBackgroundRadius:0.025]]
[2020.04.18-06.20.38:070][  0]LogConfig: Applying CVar settings from Section [TextureQuality@3] File [C:/Users/Peter/Documents/Unreal Projects/Koala/Saved/Config/Windows/Scalability.ini]
[2020.04.18-06.20.38:070][  0]LogConfig: Setting CVar [[r.Streaming.MipBias:0]]
[2020.04.18-06.20.38:070][  0]LogConfig: Setting CVar [[r.Streaming.AmortizeCPUToGPUCopy:0]]
[2020.04.18-06.20.38:070][  0]LogConfig: Setting CVar [[r.Streaming.MaxNumTexturesToStreamPerFrame:0]]
[2020.04.18-06.20.38:070][  0]LogConfig: Setting CVar [[r.Streaming.Boost:1]]
[2020.04.18-06.20.38:070][  0]LogConfig: Setting CVar [[r.MaxAnisotropy:8]]
[2020.04.18-06.20.38:070][  0]LogConfig: Setting CVar [[r.VT.MaxAnisotropy:8]]
[2020.04.18-06.20.38:070][  0]LogConfig: Setting CVar [[r.Streaming.LimitPoolSizeToVRAM:0]]
[2020.04.18-06.20.38:070][  0]LogConfig: Setting CVar [[r.Streaming.PoolSize:1000]]
[2020.04.18-06.20.38:070][  0]LogConfig: Setting CVar [[r.Streaming.MaxEffectiveScreenSize:0]]
[2020.04.18-06.20.38:070][  0]LogConfig: Applying CVar settings from Section [EffectsQuality@3] File [C:/Users/Peter/Documents/Unreal Projects/Koala/Saved/Config/Windows/Scalability.ini]
[2020.04.18-06.20.38:070][  0]LogConfig: Setting CVar [[r.TranslucencyLightingVolumeDim:64]]
[2020.04.18-06.20.38:071][  0]LogConfig: Setting CVar [[r.RefractionQuality:2]]
[2020.04.18-06.20.38:071][  0]LogConfig: Setting CVar [[r.SSR.Quality:3]]
[2020.04.18-06.20.38:071][  0]LogConfig: Setting CVar [[r.SSR.HalfResSceneColor:0]]
[2020.04.18-06.20.38:071][  0]LogConfig: Setting CVar [[r.SceneColorFormat:4]]
[2020.04.18-06.20.38:071][  0]LogConfig: Setting CVar [[r.DetailMode:2]]
[2020.04.18-06.20.38:071][  0]LogConfig: Setting CVar [[r.TranslucencyVolumeBlur:1]]
[2020.04.18-06.20.38:071][  0]LogConfig: Setting CVar [[r.MaterialQualityLevel:1 ; High quality]]
[2020.04.18-06.20.38:071][  0]LogConfig: Setting CVar [[r.SSS.Scale:1]]
[2020.04.18-06.20.38:071][  0]LogConfig: Setting CVar [[r.SSS.SampleSet:2]]
[2020.04.18-06.20.38:071][  0]LogConfig: Setting CVar [[r.SSS.Quality:1]]
[2020.04.18-06.20.38:071][  0]LogConfig: Setting CVar [[r.SSS.HalfRes:1]]
[2020.04.18-06.20.38:071][  0]LogConfig: Setting CVar [[r.SSGI.Quality:3]]
[2020.04.18-06.20.38:071][  0]LogConfig: Setting CVar [[r.EmitterSpawnRateScale:1.0]]
[2020.04.18-06.20.38:071][  0]LogConfig: Setting CVar [[r.ParticleLightQuality:2]]
[2020.04.18-06.20.38:071][  0]LogConfig: Setting CVar [[r.SkyAtmosphere.AerialPerspectiveLUT.FastApplyOnOpaque:1 ; Always have FastSkyLUT 1 in this case to avoid wrong sky]]
[2020.04.18-06.20.38:071][  0]LogConfig: Setting CVar [[r.SkyAtmosphere.AerialPerspectiveLUT.SampleCountPerSlice:1]]
[2020.04.18-06.20.38:071][  0]LogConfig: Setting CVar [[r.SkyAtmosphere.AerialPerspectiveLUT.DepthResolution:16.0]]
[2020.04.18-06.20.38:071][  0]LogConfig: Setting CVar [[r.SkyAtmosphere.FastSkyLUT:1]]
[2020.04.18-06.20.38:071][  0]LogConfig: Setting CVar [[r.SkyAtmosphere.FastSkyLUT.SampleCountMin:4.0]]
[2020.04.18-06.20.38:071][  0]LogConfig: Setting CVar [[r.SkyAtmosphere.FastSkyLUT.SampleCountMax:32.0]]
[2020.04.18-06.20.38:071][  0]LogConfig: Setting CVar [[r.SkyAtmosphere.SampleCountMin:4.0]]
[2020.04.18-06.20.38:071][  0]LogConfig: Setting CVar [[r.SkyAtmosphere.SampleCountMax:32.0]]
[2020.04.18-06.20.38:071][  0]LogConfig: Setting CVar [[r.SkyAtmosphere.TransmittanceLUT.UseSmallFormat:0]]
[2020.04.18-06.20.38:071][  0]LogConfig: Setting CVar [[r.SkyAtmosphere.TransmittanceLUT.SampleCount:10.0]]
[2020.04.18-06.20.38:071][  0]LogConfig: Setting CVar [[r.SkyAtmosphere.MultiScatteringLUT.SampleCount:15.0]]
[2020.04.18-06.20.38:071][  0]LogConfig: Applying CVar settings from Section [FoliageQuality@3] File [C:/Users/Peter/Documents/Unreal Projects/Koala/Saved/Config/Windows/Scalability.ini]
[2020.04.18-06.20.38:071][  0]LogConfig: Setting CVar [[foliage.DensityScale:1.0]]
[2020.04.18-06.20.38:071][  0]LogConfig: Setting CVar [[grass.DensityScale:1.0]]
[2020.04.18-06.20.38:071][  0]LogConfig: Applying CVar settings from Section [ShadingQuality@3] File [C:/Users/Peter/Documents/Unreal Projects/Koala/Saved/Config/Windows/Scalability.ini]
[2020.04.18-06.20.38:071][  0]LogConfig: Setting CVar [[r.HairStrands.SkyLighting.SampleCount:16]]
[2020.04.18-06.20.38:071][  0]LogConfig: Setting CVar [[r.HairStrands.SkyLighting.JitterIntegration:0]]
[2020.04.18-06.20.38:071][  0]LogConfig: Setting CVar [[r.HairStrands.SkyAO.SampleCount:16]]
[2020.04.18-06.20.38:071][  0]LogInit: Selected Device Profile: [Windows]
[2020.04.18-06.20.38:071][  0]LogInit: Applying CVar settings loaded from the selected device profile: [Windows]
[2020.04.18-06.20.38:076][  0]LogHAL: Display: Platform has ~ 8 GB [8488001536 / 8589934592 / 8], which maps to Default [LargestMinGB=32, LargerMinGB=12, DefaultMinGB=8, SmallerMinGB=6, SmallestMinGB=0)
[2020.04.18-06.20.38:076][  0]LogInit: Going up to parent DeviceProfile []
[2020.04.18-06.20.38:076][  0]LogConfig: Applying CVar settings from Section [ViewDistanceQuality@3] File [C:/Users/Peter/Documents/Unreal Projects/Koala/Saved/Config/Windows/Scalability.ini]
[2020.04.18-06.20.38:076][  0]LogConfig: Setting CVar [[r.SkeletalMeshLODBias:0]]
[2020.04.18-06.20.38:076][  0]LogConfig: Setting CVar [[r.ViewDistanceScale:1.0]]
[2020.04.18-06.20.38:076][  0]LogConfig: Applying CVar settings from Section [AntiAliasingQuality@3] File [C:/Users/Peter/Documents/Unreal Projects/Koala/Saved/Config/Windows/Scalability.ini]
[2020.04.18-06.20.38:076][  0]LogConfig: Setting CVar [[r.PostProcessAAQuality:4]]
[2020.04.18-06.20.38:076][  0]LogConfig: Applying CVar settings from Section [ShadowQuality@3] File [C:/Users/Peter/Documents/Unreal Projects/Koala/Saved/Config/Windows/Scalability.ini]
[2020.04.18-06.20.38:076][  0]LogConfig: Setting CVar [[r.LightFunctionQuality:1]]
[2020.04.18-06.20.38:076][  0]LogConfig: Setting CVar [[r.ShadowQuality:5]]
[2020.04.18-06.20.38:076][  0]LogConfig: Setting CVar [[r.Shadow.CSM.MaxCascades:10]]
[2020.04.18-06.20.38:077][  0]LogConfig: Setting CVar [[r.Shadow.MaxResolution:2048]]
[2020.04.18-06.20.38:077][  0]LogConfig: Setting CVar [[r.Shadow.MaxCSMResolution:2048]]
[2020.04.18-06.20.38:077][  0]LogConfig: Setting CVar [[r.Shadow.RadiusThreshold:0.01]]
[2020.04.18-06.20.38:077][  0]LogConfig: Setting CVar [[r.Shadow.DistanceScale:1.0]]
[2020.04.18-06.20.38:077][  0]LogConfig: Setting CVar [[r.Shadow.CSM.TransitionScale:1.0]]
[2020.04.18-06.20.38:077][  0]LogConfig: Setting CVar [[r.Shadow.PreShadowResolutionFactor:1.0]]
[2020.04.18-06.20.38:077][  0]LogConfig: Setting CVar [[r.DistanceFieldShadowing:1]]
[2020.04.18-06.20.38:077][  0]LogConfig: Setting CVar [[r.DistanceFieldAO:1]]
[2020.04.18-06.20.38:077][  0]LogConfig: Setting CVar [[r.AOQuality:2]]
[2020.04.18-06.20.38:077][  0]LogConfig: Setting CVar [[r.VolumetricFog:1]]
[2020.04.18-06.20.38:077][  0]LogConfig: Setting CVar [[r.VolumetricFog.GridPixelSize:8]]
[2020.04.18-06.20.38:077][  0]LogConfig: Setting CVar [[r.VolumetricFog.GridSizeZ:128]]
[2020.04.18-06.20.38:077][  0]LogConfig: Setting CVar [[r.VolumetricFog.HistoryMissSupersampleCount:4]]
[2020.04.18-06.20.38:077][  0]LogConfig: Setting CVar [[r.LightMaxDrawDistanceScale:1]]
[2020.04.18-06.20.38:077][  0]LogConfig: Setting CVar [[r.CapsuleShadows:1]]
[2020.04.18-06.20.38:077][  0]LogConfig: Applying CVar settings from Section [PostProcessQuality@3] File [C:/Users/Peter/Documents/Unreal Projects/Koala/Saved/Config/Windows/Scalability.ini]
[2020.04.18-06.20.38:077][  0]LogConfig: Setting CVar [[r.MotionBlurQuality:4]]
[2020.04.18-06.20.38:077][  0]LogConfig: Setting CVar [[r.AmbientOcclusionMipLevelFactor:0.4]]
[2020.04.18-06.20.38:077][  0]LogConfig: Setting CVar [[r.AmbientOcclusionMaxQuality:100]]
[2020.04.18-06.20.38:077][  0]LogConfig: Setting CVar [[r.AmbientOcclusionLevels:-1]]
[2020.04.18-06.20.38:077][  0]LogConfig: Setting CVar [[r.AmbientOcclusionRadiusScale:1.0]]
[2020.04.18-06.20.38:077][  0]LogConfig: Setting CVar [[r.DepthOfFieldQuality:2]]
[2020.04.18-06.20.38:077][  0]LogConfig: Setting CVar [[r.RenderTargetPoolMin:400]]
[2020.04.18-06.20.38:077][  0]LogConfig: Setting CVar [[r.LensFlareQuality:2]]
[2020.04.18-06.20.38:077][  0]LogConfig: Setting CVar [[r.SceneColorFringeQuality:1]]
[2020.04.18-06.20.38:077][  0]LogConfig: Setting CVar [[r.EyeAdaptationQuality:2]]
[2020.04.18-06.20.38:077][  0]LogConfig: Setting CVar [[r.BloomQuality:5]]
[2020.04.18-06.20.38:078][  0]LogConfig: Setting CVar [[r.FastBlurThreshold:100]]
[2020.04.18-06.20.38:078][  0]LogConfig: Setting CVar [[r.Upscale.Quality:3]]
[2020.04.18-06.20.38:078][  0]LogConfig: Setting CVar [[r.Tonemapper.GrainQuantization:1]]
[2020.04.18-06.20.38:078][  0]LogConfig: Setting CVar [[r.LightShaftQuality:1]]
[2020.04.18-06.20.38:078][  0]LogConfig: Setting CVar [[r.Filter.SizeScale:1]]
[2020.04.18-06.20.38:078][  0]LogConfig: Setting CVar [[r.Tonemapper.Quality:5]]
[2020.04.18-06.20.38:078][  0]LogConfig: Setting CVar [[r.DOF.Gather.AccumulatorQuality:1        ; higher gathering accumulator quality]]
[2020.04.18-06.20.38:078][  0]LogConfig: Setting CVar [[r.DOF.Gather.PostfilterMethod:1          ; Median3x3 postfilering method]]
[2020.04.18-06.20.38:078][  0]LogConfig: Setting CVar [[r.DOF.Gather.EnableBokehSettings:0       ; no bokeh simulation when gathering]]
[2020.04.18-06.20.38:078][  0]LogConfig: Setting CVar [[r.DOF.Gather.RingCount:4                 ; medium number of samples when gathering]]
[2020.04.18-06.20.38:078][  0]LogConfig: Setting CVar [[r.DOF.Scatter.ForegroundCompositing:1    ; additive foreground scattering]]
[2020.04.18-06.20.38:078][  0]LogConfig: Setting CVar [[r.DOF.Scatter.BackgroundCompositing:2    ; additive background scattering]]
[2020.04.18-06.20.38:078][  0]LogConfig: Setting CVar [[r.DOF.Scatter.EnableBokehSettings:1      ; bokeh simulation when scattering]]
[2020.04.18-06.20.38:078][  0]LogConfig: Setting CVar [[r.DOF.Scatter.MaxSpriteRatio:0.1         ; only a maximum of 10% of scattered bokeh]]
[2020.04.18-06.20.38:078][  0]LogConfig: Setting CVar [[r.DOF.Recombine.Quality:1                ; cheap slight out of focus]]
[2020.04.18-06.20.38:078][  0]LogConfig: Setting CVar [[r.DOF.Recombine.EnableBokehSettings:0    ; no bokeh simulation on slight out of focus]]
[2020.04.18-06.20.38:078][  0]LogConfig: Setting CVar [[r.DOF.TemporalAAQuality:1                ; more stable temporal accumulation]]
[2020.04.18-06.20.38:078][  0]LogConfig: Setting CVar [[r.DOF.Kernel.MaxForegroundRadius:0.025]]
[2020.04.18-06.20.38:078][  0]LogConfig: Setting CVar [[r.DOF.Kernel.MaxBackgroundRadius:0.025]]
[2020.04.18-06.20.38:078][  0]LogConfig: Applying CVar settings from Section [TextureQuality@3] File [C:/Users/Peter/Documents/Unreal Projects/Koala/Saved/Config/Windows/Scalability.ini]
[2020.04.18-06.20.38:078][  0]LogConfig: Setting CVar [[r.Streaming.MipBias:0]]
[2020.04.18-06.20.38:078][  0]LogConfig: Setting CVar [[r.Streaming.AmortizeCPUToGPUCopy:0]]
[2020.04.18-06.20.38:078][  0]LogConfig: Setting CVar [[r.Streaming.MaxNumTexturesToStreamPerFrame:0]]
[2020.04.18-06.20.38:078][  0]LogConfig: Setting CVar [[r.Streaming.Boost:1]]
[2020.04.18-06.20.38:078][  0]LogConfig: Setting CVar [[r.MaxAnisotropy:8]]
[2020.04.18-06.20.38:078][  0]LogConfig: Setting CVar [[r.VT.MaxAnisotropy:8]]
[2020.04.18-06.20.38:078][  0]LogConfig: Setting CVar [[r.Streaming.LimitPoolSizeToVRAM:0]]
[2020.04.18-06.20.38:079][  0]LogConfig: Setting CVar [[r.Streaming.PoolSize:1000]]
[2020.04.18-06.20.38:079][  0]LogConfig: Setting CVar [[r.Streaming.MaxEffectiveScreenSize:0]]
[2020.04.18-06.20.38:079][  0]LogConfig: Applying CVar settings from Section [EffectsQuality@3] File [C:/Users/Peter/Documents/Unreal Projects/Koala/Saved/Config/Windows/Scalability.ini]
[2020.04.18-06.20.38:079][  0]LogConfig: Setting CVar [[r.TranslucencyLightingVolumeDim:64]]
[2020.04.18-06.20.38:079][  0]LogConfig: Setting CVar [[r.RefractionQuality:2]]
[2020.04.18-06.20.38:079][  0]LogConfig: Setting CVar [[r.SSR.Quality:3]]
[2020.04.18-06.20.38:079][  0]LogConfig: Setting CVar [[r.SSR.HalfResSceneColor:0]]
[2020.04.18-06.20.38:079][  0]LogConfig: Setting CVar [[r.SceneColorFormat:4]]
[2020.04.18-06.20.38:079][  0]LogConfig: Setting CVar [[r.DetailMode:2]]
[2020.04.18-06.20.38:079][  0]LogConfig: Setting CVar [[r.TranslucencyVolumeBlur:1]]
[2020.04.18-06.20.38:079][  0]LogConfig: Setting CVar [[r.MaterialQualityLevel:1 ; High quality]]
[2020.04.18-06.20.38:079][  0]LogConfig: Setting CVar [[r.SSS.Scale:1]]
[2020.04.18-06.20.38:079][  0]LogConfig: Setting CVar [[r.SSS.SampleSet:2]]
[2020.04.18-06.20.38:079][  0]LogConfig: Setting CVar [[r.SSS.Quality:1]]
[2020.04.18-06.20.38:079][  0]LogConfig: Setting CVar [[r.SSS.HalfRes:1]]
[2020.04.18-06.20.38:079][  0]LogConfig: Setting CVar [[r.SSGI.Quality:3]]
[2020.04.18-06.20.38:079][  0]LogConfig: Setting CVar [[r.EmitterSpawnRateScale:1.0]]
[2020.04.18-06.20.38:079][  0]LogConfig: Setting CVar [[r.ParticleLightQuality:2]]
[2020.04.18-06.20.38:079][  0]LogConfig: Setting CVar [[r.SkyAtmosphere.AerialPerspectiveLUT.FastApplyOnOpaque:1 ; Always have FastSkyLUT 1 in this case to avoid wrong sky]]
[2020.04.18-06.20.38:079][  0]LogConfig: Setting CVar [[r.SkyAtmosphere.AerialPerspectiveLUT.SampleCountPerSlice:1]]
[2020.04.18-06.20.38:079][  0]LogConfig: Setting CVar [[r.SkyAtmosphere.AerialPerspectiveLUT.DepthResolution:16.0]]
[2020.04.18-06.20.38:079][  0]LogConfig: Setting CVar [[r.SkyAtmosphere.FastSkyLUT:1]]
[2020.04.18-06.20.38:079][  0]LogConfig: Setting CVar [[r.SkyAtmosphere.FastSkyLUT.SampleCountMin:4.0]]
[2020.04.18-06.20.38:079][  0]LogConfig: Setting CVar [[r.SkyAtmosphere.FastSkyLUT.SampleCountMax:32.0]]
[2020.04.18-06.20.38:079][  0]LogConfig: Setting CVar [[r.SkyAtmosphere.SampleCountMin:4.0]]
[2020.04.18-06.20.38:079][  0]LogConfig: Setting CVar [[r.SkyAtmosphere.SampleCountMax:32.0]]
[2020.04.18-06.20.38:079][  0]LogConfig: Setting CVar [[r.SkyAtmosphere.TransmittanceLUT.UseSmallFormat:0]]
[2020.04.18-06.20.38:079][  0]LogConfig: Setting CVar [[r.SkyAtmosphere.TransmittanceLUT.SampleCount:10.0]]
[2020.04.18-06.20.38:079][  0]LogConfig: Setting CVar [[r.SkyAtmosphere.MultiScatteringLUT.SampleCount:15.0]]
[2020.04.18-06.20.38:079][  0]LogConfig: Applying CVar settings from Section [FoliageQuality@3] File [C:/Users/Peter/Documents/Unreal Projects/Koala/Saved/Config/Windows/Scalability.ini]
[2020.04.18-06.20.38:079][  0]LogConfig: Setting CVar [[foliage.DensityScale:1.0]]
[2020.04.18-06.20.38:079][  0]LogConfig: Setting CVar [[grass.DensityScale:1.0]]
[2020.04.18-06.20.38:079][  0]LogConfig: Applying CVar settings from Section [ShadingQuality@3] File [C:/Users/Peter/Documents/Unreal Projects/Koala/Saved/Config/Windows/Scalability.ini]
[2020.04.18-06.20.38:079][  0]LogConfig: Setting CVar [[r.HairStrands.SkyLighting.SampleCount:16]]
[2020.04.18-06.20.38:079][  0]LogConfig: Setting CVar [[r.HairStrands.SkyLighting.JitterIntegration:0]]
[2020.04.18-06.20.38:079][  0]LogConfig: Setting CVar [[r.HairStrands.SkyAO.SampleCount:16]]
[2020.04.18-06.20.38:079][  0]LogConfig: Applying CVar settings from Section [Startup] File [../../../Engine/Config/ConsoleVariables.ini]
[2020.04.18-06.20.38:080][  0]LogConfig: Setting CVar [[net.UseAdaptiveNetUpdateFrequency:0]]
[2020.04.18-06.20.38:080][  0]LogConfig: Setting CVar [[p.chaos.AllowCreatePhysxBodies:1]]
[2020.04.18-06.20.38:080][  0]LogConfig: Applying CVar settings from Section [ConsoleVariables] File [C:/Users/Peter/Documents/Unreal Projects/Koala/Saved/Config/Windows/Engine.ini]
[2020.04.18-06.20.38:080][  0]LogInit: Computer: DESKTOP-S7JHR63
[2020.04.18-06.20.38:080][  0]LogInit: User: Peter
[2020.04.18-06.20.38:080][  0]LogInit: CPU Page size=4096, Cores=2
[2020.04.18-06.20.38:080][  0]LogInit: High frequency timer resolution =10.000000 MHz
[2020.04.18-06.20.38:080][  0]LogMemory: Memory total: Physical=7.9GB (8GB approx)
[2020.04.18-06.20.38:080][  0]LogMemory: Platform Memory Stats for Windows
[2020.04.18-06.20.38:080][  0]LogMemory: Process Physical Memory: 105.42 MB used, 105.43 MB peak
[2020.04.18-06.20.38:080][  0]LogMemory: Process Virtual Memory: 100.11 MB used, 100.11 MB peak
[2020.04.18-06.20.38:080][  0]LogMemory: Physical Memory: 5523.25 MB used,  2571.54 MB free, 8094.79 MB total
[2020.04.18-06.20.38:080][  0]LogMemory: Virtual Memory: 5117.10 MB used,  134212608.00 MB free, 134217728.00 MB total
[2020.04.18-06.20.38:084][  0]LogWindows: WindowsPlatformFeatures enabled
[2020.04.18-06.20.38:109][  0]LogInit: Using OS detected language (es-MX).
[2020.04.18-06.20.38:109][  0]LogInit: Using OS detected locale (es-MX).
[2020.04.18-06.20.38:110][  0]LogTextLocalizationResource: LocRes '../../../Engine/Content/Localization/Editor/es-MX/Editor.locres' could not be opened for reading!
[2020.04.18-06.20.38:110][  0]LogTextLocalizationResource: LocRes '../../../Engine/Content/Localization/EditorTutorials/es-MX/EditorTutorials.locres' could not be opened for reading!
[2020.04.18-06.20.38:110][  0]LogTextLocalizationResource: LocRes '../../../Engine/Content/Localization/Keywords/es-MX/Keywords.locres' could not be opened for reading!
[2020.04.18-06.20.38:111][  0]LogTextLocalizationResource: LocRes '../../../Engine/Content/Localization/Category/es-MX/Category.locres' could not be opened for reading!
[2020.04.18-06.20.38:111][  0]LogTextLocalizationResource: LocRes '../../../Engine/Content/Localization/ToolTips/es-MX/ToolTips.locres' could not be opened for reading!
[2020.04.18-06.20.38:111][  0]LogTextLocalizationResource: LocRes '../../../Engine/Content/Localization/PropertyNames/es-MX/PropertyNames.locres' could not be opened for reading!
[2020.04.18-06.20.38:111][  0]LogTextLocalizationResource: LocRes '../../../Engine/Content/Localization/Engine/es-MX/Engine.locres' could not be opened for reading!
[2020.04.18-06.20.38:111][  0]LogTextLocalizationResource: LocRes '../../../Engine/Plugins/Online/Android/OnlineSubsystemGooglePlay/Content/Localization/OnlineSubsystemGooglePlay/es-MX/OnlineSubsystemGooglePlay.locres' could not be opened for reading!
[2020.04.18-06.20.38:112][  0]LogTextLocalizationResource: LocRes '../../../Engine/Plugins/Online/IOS/OnlineSubsystemIOS/Content/Localization/OnlineSubsystemIOS/es-MX/OnlineSubsystemIOS.locres' could not be opened for reading!
[2020.04.18-06.20.38:112][  0]LogTextLocalizationResource: LocRes '../../../Engine/Plugins/Online/OnlineSubsystemUtils/Content/Localization/OnlineSubsystemUtils/es-MX/OnlineSubsystemUtils.locres' could not be opened for reading!
[2020.04.18-06.20.38:182][  0]LogInit: Setting process to per monitor DPI aware
[2020.04.18-06.20.38:238][  0]LogSlate: New Slate User Created.  User Index 0, Is Virtual User: 0
[2020.04.18-06.20.38:238][  0]LogSlate: Slate User Registered.  User Index 0, Is Virtual User: 0
[2020.04.18-06.20.38:494][  0]LogHMD: Failed to initialize OpenVR with code 110
[2020.04.18-06.20.38:494][  0]LogD3D11RHI: D3D11 min allowed feature level: 11_0
[2020.04.18-06.20.38:494][  0]LogD3D11RHI: D3D11 max allowed feature level: 11_0
[2020.04.18-06.20.38:494][  0]LogD3D11RHI: D3D11 adapters:
[2020.04.18-06.20.38:549][  0]LogD3D11RHI:    0. 'NVIDIA NVS 5200M' (Feature Level 11_0)
[2020.04.18-06.20.38:549][  0]LogD3D11RHI:       979/0/4047 MB DedicatedVideo/DedicatedSystem/SharedSystem, Outputs:1, VendorId:0x10de
[2020.04.18-06.20.38:558][  0]LogD3D11RHI:    1. 'Intel(R) HD Graphics 4000' (Feature Level 11_0)
[2020.04.18-06.20.38:558][  0]LogD3D11RHI:       0/0/1792 MB DedicatedVideo/DedicatedSystem/SharedSystem, Outputs:0, VendorId:0x8086
[2020.04.18-06.20.38:561][  0]LogD3D11RHI:    2. 'Microsoft Basic Render Driver' (Feature Level 11_0)
[2020.04.18-06.20.38:561][  0]LogD3D11RHI:       0/0/4047 MB DedicatedVideo/DedicatedSystem/SharedSystem, Outputs:0, VendorId:0x1414
[2020.04.18-06.20.38:561][  0]LogD3D11RHI: Chosen D3D11 Adapter: 0
[2020.04.18-06.20.38:588][  0]LogD3D11RHI: Creating new Direct3DDevice
[2020.04.18-06.20.38:588][  0]LogD3D11RHI:     GPU DeviceId: 0xdfc (for the marketing name, search the web for "GPU Device Id")
[2020.04.18-06.20.38:588][  0]LogWindows: EnumDisplayDevices:
[2020.04.18-06.20.38:589][  0]LogWindows:    0. 'Intel(R) HD Graphics 4000' (P:1 D:1)
[2020.04.18-06.20.38:589][  0]LogWindows:    1. 'Intel(R) HD Graphics 4000' (P:0 D:0)
[2020.04.18-06.20.38:589][  0]LogWindows:    2. 'NVIDIA NVS 5200M' (P:0 D:0)
[2020.04.18-06.20.38:590][  0]LogWindows:    3. 'NVIDIA NVS 5200M' (P:0 D:0)
[2020.04.18-06.20.38:590][  0]LogWindows: DebugString: PrimaryIsNotTheChoosenAdapter PrimaryIsNotTheChoosenAdapter FoundDriverCount:2 
[2020.04.18-06.20.38:590][  0]LogD3D11RHI:     Adapter Name: NVIDIA NVS 5200M
[2020.04.18-06.20.38:590][  0]LogD3D11RHI:   Driver Version: 387.95 (internal:23.21.13.8795, unified:387.95)
[2020.04.18-06.20.38:590][  0]LogD3D11RHI:      Driver Date: 10-9-2017
[2020.04.18-06.20.38:590][  0]LogRHI: Texture pool is 685 MB (70% of 979 MB)
[2020.04.18-06.20.38:626][  0]LogD3D11RHI: Display: Timestamp queries are currently disabled on this hardware due to instability. Realtime GPU stats will not be available. You can override this behaviour by setting r.NVIDIATimestampWorkaround to 0
[2020.04.18-06.20.38:626][  0]LogD3D11RHI: RHI does not have support for 64 bit atomics
[2020.04.18-06.20.38:626][  0]LogD3D11RHI: Async texture creation enabled
[2020.04.18-06.20.38:641][  0]LogD3D11RHI: GPU Timing Frequency: 1000.000000 (Debug: 2 1)
[2020.04.18-06.20.39:151][  0]LogTargetPlatformManager: Display: Loaded TargetPlatform 'AllDesktop'
[2020.04.18-06.20.39:197][  0]LogTargetPlatformManager: Display: Loaded TargetPlatform 'Android'
[2020.04.18-06.20.39:197][  0]LogTargetPlatformManager: Display: Loaded TargetPlatform 'Android_ASTC'
[2020.04.18-06.20.39:197][  0]LogTargetPlatformManager: Display: Loaded TargetPlatform 'Android_ATC'
[2020.04.18-06.20.39:197][  0]LogTargetPlatformManager: Display: Loaded TargetPlatform 'Android_DXT'
[2020.04.18-06.20.39:197][  0]LogTargetPlatformManager: Display: Loaded TargetPlatform 'Android_ETC1'
[2020.04.18-06.20.39:197][  0]LogTargetPlatformManager: Display: Loaded TargetPlatform 'Android_ETC1a'
[2020.04.18-06.20.39:197][  0]LogTargetPlatformManager: Display: Loaded TargetPlatform 'Android_ETC2'
[2020.04.18-06.20.39:197][  0]LogTargetPlatformManager: Display: Loaded TargetPlatform 'Android_PVRTC'
[2020.04.18-06.20.39:197][  0]LogTargetPlatformManager: Display: Loaded TargetPlatform 'AndroidClient'
[2020.04.18-06.20.39:197][  0]LogTargetPlatformManager: Display: Loaded TargetPlatform 'Android_ASTCClient'
[2020.04.18-06.20.39:197][  0]LogTargetPlatformManager: Display: Loaded TargetPlatform 'Android_ATCClient'
[2020.04.18-06.20.39:198][  0]LogTargetPlatformManager: Display: Loaded TargetPlatform 'Android_DXTClient'
[2020.04.18-06.20.39:198][  0]LogTargetPlatformManager: Display: Loaded TargetPlatform 'Android_ETC1Client'
[2020.04.18-06.20.39:198][  0]LogTargetPlatformManager: Display: Loaded TargetPlatform 'Android_ETC1aClient'
[2020.04.18-06.20.39:198][  0]LogTargetPlatformManager: Display: Loaded TargetPlatform 'Android_ETC2Client'
[2020.04.18-06.20.39:198][  0]LogTargetPlatformManager: Display: Loaded TargetPlatform 'Android_PVRTCClient'
[2020.04.18-06.20.39:198][  0]LogTargetPlatformManager: Display: Loaded TargetPlatform 'Android_Multi'
[2020.04.18-06.20.39:198][  0]LogTargetPlatformManager: Display: Loaded TargetPlatform 'Android_MultiClient'
[2020.04.18-06.20.39:225][  0]LogTargetPlatformManager: Display: Loaded TargetPlatform 'IOSClient'
[2020.04.18-06.20.39:225][  0]LogTargetPlatformManager: Display: Loaded TargetPlatform 'IOS'
[2020.04.18-06.20.39:241][  0]LogTargetPlatformManager: Display: Loaded TargetPlatform 'LinuxNoEditor'
[2020.04.18-06.20.39:254][  0]LogTargetPlatformManager: Display: Loaded TargetPlatform 'LinuxClient'
[2020.04.18-06.20.39:264][  0]LogTargetPlatformManager: Display: Loaded TargetPlatform 'LinuxServer'
[2020.04.18-06.20.39:276][  0]LogTargetPlatformManager: Display: Loaded TargetPlatform 'LinuxAArch64NoEditor'
[2020.04.18-06.20.39:291][  0]LogTargetPlatformManager: Display: Loaded TargetPlatform 'LinuxAArch64Client'
[2020.04.18-06.20.39:304][  0]LogTargetPlatformManager: Display: Loaded TargetPlatform 'LinuxAArch64Server'
[2020.04.18-06.20.39:348][  0]LogTargetPlatformManager: Display: Loaded TargetPlatform 'Lumin'
[2020.04.18-06.20.39:348][  0]LogTargetPlatformManager: Display: Loaded TargetPlatform 'LuminClient'
[2020.04.18-06.20.39:374][  0]LogTargetPlatformManager: Display: Loaded TargetPlatform 'TVOSClient'
[2020.04.18-06.20.39:374][  0]LogTargetPlatformManager: Display: Loaded TargetPlatform 'TVOS'
[2020.04.18-06.20.39:389][  0]LogTargetPlatformManager: Display: Loaded TargetPlatform 'WindowsNoEditor'
[2020.04.18-06.20.39:405][  0]LogTargetPlatformManager: Display: Loaded TargetPlatform 'Windows'
[2020.04.18-06.20.39:419][  0]LogTargetPlatformManager: Display: Loaded TargetPlatform 'WindowsClient'
[2020.04.18-06.20.39:433][  0]LogTargetPlatformManager: Display: Loaded TargetPlatform 'WindowsServer'
[2020.04.18-06.20.39:433][  0]LogTargetPlatformManager: Display: Building Assets For Windows
[2020.04.18-06.20.39:438][  0]LogAudioDebug: Display: Lib vorbis DLL was dynamically loaded.
[2020.04.18-06.20.39:474][  0]LogShaderCompilers: Guid format shader working directory is -15 characters bigger than the processId version (../../../../../../Users/Peter/Documents/Unreal Projects/Koala/Intermediate/Shaders/WorkingDirectory/3720/).
[2020.04.18-06.20.39:474][  0]LogShaderCompilers: Cleaned the shader compiler working directory 'C:/Users/Peter/AppData/Local/Temp/UnrealShaderWorkingDir/C3AFC4CF48C9426B595287B25952E9B5/'.
[2020.04.18-06.20.39:474][  0]LogXGEController: Cleaning working directory: C:/Users/Peter/AppData/Local/Temp/UnrealXGEWorkingDir/
[2020.04.18-06.20.39:475][  0]LogXGEController: Cannot use XGE Controller as Incredibuild is not installed on this machine.
[2020.04.18-06.20.39:475][  0]LogShaderCompilers: Cannot use XGE Shader Compiler as Incredibuild is not installed on this machine.
[2020.04.18-06.20.39:475][  0]LogShaderCompilers: Display: Using Local Shader Compiler.
[2020.04.18-06.20.40:561][  0]LogDerivedDataCache: Display: Max Cache Size: 512 MB
[2020.04.18-06.20.40:640][  0]LogDerivedDataCache: Loaded boot cache 0.08s 78MB C:/Users/Peter/AppData/Local/UnrealEngine/4.24/DerivedDataCache/Boot.ddc.
[2020.04.18-06.20.40:640][  0]LogDerivedDataCache: Display: Loaded Boot cache: C:/Users/Peter/AppData/Local/UnrealEngine/4.24/DerivedDataCache/Boot.ddc
[2020.04.18-06.20.40:640][  0]LogDerivedDataCache: FDerivedDataBackendGraph:  Pak pak cache file ../../../../../../Users/Peter/Documents/Unreal Projects/Koala/DerivedDataCache/DDC.ddp not found, will not use a pak cache.
[2020.04.18-06.20.40:640][  0]LogDerivedDataCache: Unable to find inner node Pak for hierarchical cache Hierarchy.
[2020.04.18-06.20.40:640][  0]LogDerivedDataCache: FDerivedDataBackendGraph:  CompressedPak pak cache file ../../../../../../Users/Peter/Documents/Unreal Projects/Koala/DerivedDataCache/Compressed.ddp not found, will not use a pak cache.
[2020.04.18-06.20.40:640][  0]LogDerivedDataCache: Unable to find inner node CompressedPak for hierarchical cache Hierarchy.
[2020.04.18-06.20.40:654][  0]LogDerivedDataCache: Display: Pak cache opened for reading ../../../Engine/DerivedDataCache/Compressed.ddp.
[2020.04.18-06.20.40:654][  0]LogDerivedDataCache: FDerivedDataBackendGraph:  EnterprisePak pak cache file ../../../Enterprise/DerivedDataCache/Compressed.ddp not found, will not use a pak cache.
[2020.04.18-06.20.40:654][  0]LogDerivedDataCache: Unable to find inner node EnterprisePak for hierarchical cache Hierarchy.
[2020.04.18-06.20.40:655][  0]LogDerivedDataCache: Using Local data cache path C:/Users/Peter/AppData/Local/UnrealEngine/Common/DerivedDataCache: Writable
[2020.04.18-06.20.40:655][  0]LogDerivedDataCache: Shared data cache path not found in *engine.ini, will not use an Shared cache.
[2020.04.18-06.20.40:655][  0]LogDerivedDataCache: Unable to find inner node Shared for hierarchical cache Hierarchy.
[2020.04.18-06.20.40:694][  0]LogMaterial: Verifying Global Shaders for PCD3D_SM5
[2020.04.18-06.20.40:698][  0]LogSlate: Using FreeType 2.10.0
[2020.04.18-06.20.40:698][  0]LogSlate: SlateFontServices - WITH_FREETYPE: 1, WITH_HARFBUZZ: 1
[2020.04.18-06.20.40:764][  0]LogAssetRegistry: FAssetRegistry took 0.0033 seconds to start up
[2020.04.18-06.20.41:315][  0]LogInit: Selected Device Profile: [Windows]
[2020.04.18-06.20.41:589][  0]LogMeshReduction: Using QuadricMeshReduction for automatic static mesh reduction
[2020.04.18-06.20.41:589][  0]LogMeshReduction: Using SimplygonMeshReduction for automatic skeletal mesh reduction
[2020.04.18-06.20.41:589][  0]LogMeshReduction: Using ProxyLODMeshReduction for automatic mesh merging
[2020.04.18-06.20.41:589][  0]LogMeshReduction: No distributed automatic mesh merging module available
[2020.04.18-06.20.41:589][  0]LogMeshMerging: No distributed automatic mesh merging module available
[2020.04.18-06.20.41:605][  0]LogNetVersion: Koala 1.0.0, NetCL: 10570792, EngineNetVer: 13, GameNetVer: 0 (Checksum: 2842164528)
[2020.04.18-06.20.43:287][  0]LogPackageLocalizationCache: Processed 10 localized package path(s) for 2 prioritized culture(s) in 0.176859 seconds
[2020.04.18-06.20.43:301][  0]LogUObjectArray: 46750 objects as part of root set at end of initial load.
[2020.04.18-06.20.43:301][  0]LogUObjectAllocator: 8137160 out of 0 bytes used by permanent object pool.
[2020.04.18-06.20.43:301][  0]LogUObjectArray: CloseDisregardForGC: 0/0 objects in disregard for GC pool
[2020.04.18-06.20.43:897][  0]LogTcpMessaging: Initializing TcpMessaging bridge
[2020.04.18-06.20.43:903][  0]LogUdpMessaging: Initializing bridge on interface 0.0.0.0:0 to multicast group 230.0.0.1:6666.
[2020.04.18-06.20.43:980][  0]SourceControl: El control de código fuente está desactivado
[2020.04.18-06.20.43:980][  0]SourceControl: El control de código fuente está desactivado
[2020.04.18-06.20.43:983][  0]SourceControl: El control de código fuente está desactivado
[2020.04.18-06.20.43:984][  0]SourceControl: El control de código fuente está desactivado
[2020.04.18-06.20.43:984][  0]SourceControl: El control de código fuente está desactivado
[2020.04.18-06.20.44:106][  0]LogAndroidPermission: UAndroidPermissionCallbackProxy::GetInstance
[2020.04.18-06.20.44:123][  0]LogAudioCaptureCore: Display: No Audio Capture implementations found. Audio input will be silent.
[2020.04.18-06.20.44:123][  0]LogAudioCaptureCore: Display: No Audio Capture implementations found. Audio input will be silent.
[2020.04.18-06.20.44:249][  0]LogOcInput: OculusInput pre-init called
[2020.04.18-06.20.44:261][  0]LogWindows: Failed to load 'OVRPlugin.dll' (GetLastError=126)
[2020.04.18-06.20.44:261][  0]LogWindows: File 'OVRPlugin.dll' does not exist
[2020.04.18-06.20.44:353][  0]LogEngine: Initializing Engine...
[2020.04.18-06.20.44:355][  0]LogHMD: Failed to initialize OpenVR with code 110
[2020.04.18-06.20.44:356][  0]LogStats: UGameplayTagsManager::InitializeManager -  0.000 s
[2020.04.18-06.20.44:905][  0]LogInit: Initializing FReadOnlyCVARCache
[2020.04.18-06.20.44:917][  0]LogAIModule: Creating AISystem for world Untitled
[2020.04.18-06.20.44:938][  0]LogAudioMixer: Display: Audio Mixer Platform Settings:
[2020.04.18-06.20.44:938][  0]LogAudioMixer: Display: 	Sample Rate:						  48000
[2020.04.18-06.20.44:938][  0]LogAudioMixer: Display: 	Callback Buffer Frame Size Requested: 1024
[2020.04.18-06.20.44:938][  0]LogAudioMixer: Display: 	Callback Buffer Frame Size To Use:	  1024
[2020.04.18-06.20.44:938][  0]LogAudioMixer: Display: 	Number of buffers to queue:			  2
[2020.04.18-06.20.44:938][  0]LogAudioMixer: Display: 	Max Channels (voices):				  32
[2020.04.18-06.20.44:938][  0]LogAudioMixer: Display: 	Number of Async Source Workers:		  0
[2020.04.18-06.20.44:938][  0]LogAudio: Display: AudioDevice MaxSources: 32
[2020.04.18-06.20.44:939][  0]LogAudio: Display: Using built-in audio occlusion.
[2020.04.18-06.20.44:939][  0]LogAudioMixer: Display: Initializing audio mixer.
[2020.04.18-06.20.44:967][  0]LogAudioMixer: Display: Audio Device Output Speaker Info:
[2020.04.18-06.20.44:967][  0]LogAudioMixer: Display: Name: Altavoces (High Definition Audio Device)
[2020.04.18-06.20.44:967][  0]LogAudioMixer: Display: Is Default: Yes
[2020.04.18-06.20.44:967][  0]LogAudioMixer: Display: Sample Rate: 48000
[2020.04.18-06.20.44:967][  0]LogAudioMixer: Display: Channel Count Used: 2
[2020.04.18-06.20.44:967][  0]LogAudioMixer: Display: Device Channel Count: 2
[2020.04.18-06.20.44:967][  0]LogAudioMixer: Display: Channel Order:
[2020.04.18-06.20.44:967][  0]LogAudioMixer: Display: 0: FrontLeft
[2020.04.18-06.20.44:967][  0]LogAudioMixer: Display: 1: FrontRight
[2020.04.18-06.20.44:994][  0]LogAudioMixer: Display: Using Audio Device Altavoces (High Definition Audio Device)
[2020.04.18-06.20.45:001][  0]LogInit: FAudioDevice initialized.
[2020.04.18-06.20.45:002][  0]LogNetVersion: Set ProjectVersion to 1.0.0.0. Version Checksum will be recalculated on next use.
[2020.04.18-06.20.45:112][  0]LogDerivedDataCache: Saved boot cache 0.11s 78MB C:/Users/Peter/AppData/Local/UnrealEngine/4.24/DerivedDataCache/Boot.ddc.
[2020.04.18-06.20.45:120][  0]LogInit: Texture streaming: Enabled
[2020.04.18-06.20.45:136][  0]LogEngineSessionManager: EngineSessionManager initialized
[2020.04.18-06.20.45:136][  0]LogEngineSessionManager: EngineSessionManager sent abnormal shutdown report. Type=Crashed, SessionId={63B75A48-48A9-32B3-0C21-3F837BE6BACE}
[2020.04.18-06.20.45:136][  0]LogEditorSessionSummary: Verbose: Initializing EditorSessionSummaryWriter for editor session tracking
[2020.04.18-06.20.45:140][  0]LogEditorSessionSummary: EditorSessionSummaryWriter initialized
[2020.04.18-06.20.45:223][  0]LogInit: Transaction tracking system initialized
[2020.04.18-06.20.45:237][  0]BlueprintLog: New page: Cargar el editor
[2020.04.18-06.20.45:275][  0]LocalizationService: Localization service is disabled
[2020.04.18-06.20.45:726][  0]LogFileCache: Scanning file cache for directory 'C:/Users/Peter/Documents/Unreal Projects/Koala/Content/' took 0.01s
[2020.04.18-06.20.45:726][  0]LogCook: Display: Max memory allowance for cook 16384mb min free memory 0mb
[2020.04.18-06.20.45:726][  0]LogCook: Display: Mobile HDR setting 1
[2020.04.18-06.20.46:698][  0]SourceControl: El control de código fuente está desactivado
[2020.04.18-06.20.46:698][  0]Cmd: MAP LOAD FILE="../../../../../../Users/Peter/Documents/Unreal Projects/Koala/Content/Maps/Menu.umap" TEMPLATE=0 SHOWPROGRESS=1 FEATURELEVEL=3
[2020.04.18-06.20.46:699][  0]LightingResults: New page: Diseñar la iluminación
[2020.04.18-06.20.46:700][  0]LogWorld: UWorld::CleanupWorld for Untitled, bSessionEnded=true, bCleanupResources=true
[2020.04.18-06.20.46:701][  0]LogSlate: InvalidateAllWidgets triggered.  All widgets were invalidated
[2020.04.18-06.20.46:701][  0]MapCheck: New page: Revisión del mapa
[2020.04.18-06.20.46:701][  0]LightingResults: New page: Diseñar la iluminación
[2020.04.18-06.20.46:743][  0]LogUObjectHash: Compacting FUObjectHashTables data took   3.53ms
[2020.04.18-06.20.46:793][  0]LogAIModule: Creating AISystem for world Menu
[2020.04.18-06.20.46:794][  0]LogEditorServer: Finished looking for orphan Actors (0.000 secs)
[2020.04.18-06.20.46:835][  0]LogUObjectHash: Compacting FUObjectHashTables data took   3.74ms
[2020.04.18-06.20.46:836][  0]Cmd: MAP CHECKDEP NOCLEARLOG
[2020.04.18-06.20.46:836][  0]MapCheck: Map check complete: 0 Error(s), 0 Warning(s), took 0.297ms to complete.
[2020.04.18-06.20.46:836][  0]LogFileHelpers: Loading map 'Menu' took 0.138
[2020.04.18-06.20.47:036][  0]LogSlate: Updating window title bar state: overlay mode, drag disabled, window buttons hidden, title bar hidden
[2020.04.18-06.20.47:046][  0]LogSlate: Updating window title bar state: overlay mode, drag disabled, window buttons hidden, title bar hidden
[2020.04.18-06.20.47:055][  0]LogSlate: Updating window title bar state: overlay mode, drag disabled, window buttons hidden, title bar hidden
[2020.04.18-06.20.47:065][  0]LogSlate: Updating window title bar state: overlay mode, drag disabled, window buttons hidden, title bar hidden
[2020.04.18-06.20.47:072][  0]LogCollectionManager: Loaded 0 collections in 0.002247 seconds
[2020.04.18-06.20.47:091][  0]LogFileCache: Scanning file cache for directory 'C:/Users/Peter/Documents/Unreal Projects/Koala/Saved/Collections/' took 0.00s
[2020.04.18-06.20.47:091][  0]LogFileCache: Scanning file cache for directory 'C:/Users/Peter/Documents/Unreal Projects/Koala/Content/Developers/Peter/Collections/' took 0.00s
[2020.04.18-06.20.47:091][  0]LogFileCache: Scanning file cache for directory 'C:/Users/Peter/Documents/Unreal Projects/Koala/Content/Collections/' took 0.00s
[2020.04.18-06.20.47:091][  0]LogContentBrowser: Native class hierarchy populated in 0.0125 seconds. Added 3024 classes and 719 folders.
[2020.04.18-06.20.47:095][  0]LogContentBrowser: Native class hierarchy updated for 'WidgetCarousel' in 0.0005 seconds. Added 0 classes and 0 folders.
[2020.04.18-06.20.47:172][  0]LogContentBrowser: Native class hierarchy updated for 'AddContentDialog' in 0.0008 seconds. Added 0 classes and 0 folders.
[2020.04.18-06.20.47:185][  0]LogContentBrowser: Native class hierarchy updated for 'SceneOutliner' in 0.0009 seconds. Added 2 classes and 3 folders.
[2020.04.18-06.20.48:802][  0]LogSlate: Took 0.000326 seconds to synchronously load lazily loaded font '../../../Engine/Content/Slate/Fonts/Roboto-Regular.ttf' (155K)
[2020.04.18-06.20.48:809][  0]LogSlate: Took 0.000614 seconds to synchronously load lazily loaded font '../../../Engine/Content/Slate/Fonts/Roboto-Bold.ttf' (160K)
[2020.04.18-06.20.48:820][  0]LogSlate: Took 0.000251 seconds to synchronously load lazily loaded font '../../../Engine/Content/Editor/Slate/Fonts/FontAwesome.ttf' (139K)
[2020.04.18-06.20.48:956][  0]LogRenderer: Reallocating scene render targets to support 840x372 Format 10 NumSamples 1 (Frame:1).
[2020.04.18-06.20.49:026][  0]LogSlate: Took 0.000262 seconds to synchronously load lazily loaded font '../../../Engine/Content/Slate/Fonts/Roboto-Light.ttf' (167K)
[2020.04.18-06.20.49:171][  0]LogContentBrowser: Native class hierarchy updated for 'HierarchicalLODOutliner' in 0.0005 seconds. Added 0 classes and 0 folders.
[2020.04.18-06.20.49:172][  0]LogLoad: (Engine Initialization) Total time: 13.41 seconds
[2020.04.18-06.20.49:172][  0]LogLoad: (Engine Initialization) Total Blueprint compile time: 0.00 seconds
[2020.04.18-06.20.49:249][  0]LogContentStreaming: Texture pool size now 1000 MB
[2020.04.18-06.20.49:329][  1]LogAssetRegistry: Asset discovery search completed in 8.5668 seconds
[2020.04.18-06.20.49:338][  1]LogCollectionManager: Fixed up redirectors for 0 collections in 0.000023 seconds (updated 0 objects)
[2020.04.18-06.20.50:257][ 36]LogSlate: Took 0.000231 seconds to synchronously load lazily loaded font '../../../Engine/Content/Slate/Fonts/Roboto-Light.ttf' (167K)
[2020.04.18-06.21.46:192][595]LogTemp: Repeating last play command: New Editor Window (PIE)
[2020.04.18-06.21.46:224][595]LogBlueprintUserMessages: Early PlayInEditor Detection: Level '/Game/Maps/Menu.Menu:PersistentLevel' has LevelScriptBlueprint '/Game/Maps/Menu.Menu:PersistentLevel.Menu' with GeneratedClass '/Game/Maps/Menu.Menu_C' with ClassGeneratedBy '/Game/Maps/Menu.Menu:PersistentLevel.Menu'
[2020.04.18-06.21.46:224][595]LogPlayLevel: PlayLevel: No blueprints needed recompiling
[2020.04.18-06.21.46:225][595]PIE: New page: Sesión PIE (reproducción en el editor): Menu (17 abr. 2020 20:21:46)
[2020.04.18-06.21.46:226][595]LogOnline: OSS: Creating online subsystem instance for: NULL
[2020.04.18-06.21.46:228][595]LogOnline: OSS: TryLoadSubsystemAndSetDefault: Loaded subsystem for module [NULL]
[2020.04.18-06.21.46:228][595]LogPlayLevel: Creating play world package: /Game/Maps/UEDPIE_0_Menu
[2020.04.18-06.21.46:231][595]LogPlayLevel: PIE: StaticDuplicateObject took: (0.002580s)
[2020.04.18-06.21.46:232][595]LogAIModule: Creating AISystem for world Menu
[2020.04.18-06.21.46:233][595]LogPlayLevel: PIE: World Init took: (0.002193s)
[2020.04.18-06.21.46:233][595]LogPlayLevel: PIE: Created PIE world by copying editor world from /Game/Maps/Menu.Menu to /Game/Maps/UEDPIE_0_Menu.Menu (0.005201s)
[2020.04.18-06.21.46:263][595]LogUObjectHash: Compacting FUObjectHashTables data took   3.78ms
[2020.04.18-06.21.46:269][595]LogAudioMixer: Display: Audio Mixer Platform Settings:
[2020.04.18-06.21.46:269][595]LogAudioMixer: Display: 	Sample Rate:						  48000
[2020.04.18-06.21.46:269][595]LogAudioMixer: Display: 	Callback Buffer Frame Size Requested: 1024
[2020.04.18-06.21.46:269][595]LogAudioMixer: Display: 	Callback Buffer Frame Size To Use:	  1024
[2020.04.18-06.21.46:269][595]LogAudioMixer: Display: 	Number of buffers to queue:			  2
[2020.04.18-06.21.46:269][595]LogAudioMixer: Display: 	Max Channels (voices):				  32
[2020.04.18-06.21.46:269][595]LogAudioMixer: Display: 	Number of Async Source Workers:		  0
[2020.04.18-06.21.46:269][595]LogAudio: Display: AudioDevice MaxSources: 32
[2020.04.18-06.21.46:270][595]LogAudio: Display: Using built-in audio occlusion.
[2020.04.18-06.21.46:270][595]LogAudioMixer: Display: Initializing audio mixer.
[2020.04.18-06.21.46:285][595]LogAudioMixer: Display: Audio Device Output Speaker Info:
[2020.04.18-06.21.46:285][595]LogAudioMixer: Display: Name: Altavoces (High Definition Audio Device)
[2020.04.18-06.21.46:285][595]LogAudioMixer: Display: Is Default: Yes
[2020.04.18-06.21.46:285][595]LogAudioMixer: Display: Sample Rate: 48000
[2020.04.18-06.21.46:285][595]LogAudioMixer: Display: Channel Count Used: 2
[2020.04.18-06.21.46:285][595]LogAudioMixer: Display: Device Channel Count: 2
[2020.04.18-06.21.46:285][595]LogAudioMixer: Display: Channel Order:
[2020.04.18-06.21.46:285][595]LogAudioMixer: Display: 0: FrontLeft
[2020.04.18-06.21.46:285][595]LogAudioMixer: Display: 1: FrontRight
[2020.04.18-06.21.46:305][595]LogAudioMixer: Display: Using Audio Device Altavoces (High Definition Audio Device)
[2020.04.18-06.21.46:309][595]LogInit: FAudioDevice initialized.
[2020.04.18-06.21.46:370][595]LogSlate: Updating window title bar state: overlay mode, drag disabled, window buttons hidden, title bar hidden
[2020.04.18-06.21.46:373][595]LogLoad: Game class is 'GameModeBase'
[2020.04.18-06.21.46:375][595]LogWorld: Bringing World /Game/Maps/UEDPIE_0_Menu.Menu up for play (max tick rate 60) at 2020.04.18-01.21.46
[2020.04.18-06.21.46:375][595]LogWorld: Bringing up level for play took: 0.000776
[2020.04.18-06.21.46:375][595]LogOnline: OSS: Creating online subsystem instance for: :Context_2
[2020.04.18-06.21.46:382][595]LogContentBrowser: Native class hierarchy updated for 'MovieSceneCapture' in 0.0007 seconds. Added 20 classes and 0 folders.
[2020.04.18-06.21.46:387][595]LogPlayerController: Error: InputMode:UIOnly - Attempting to focus Non-Focusable widget SObjectWidget [Widget.cpp(776)]!
[2020.04.18-06.21.46:392][595]PIE: Tiempo de inicio de la reproducción en el editor para  /Game/Maps/UEDPIE_0_Menu 0.241
[2020.04.18-06.21.46:393][595]LogBlueprintUserMessages: Late PlayInEditor Detection: Level '/Game/Maps/Menu.Menu:PersistentLevel' has LevelScriptBlueprint '/Game/Maps/Menu.Menu:PersistentLevel.Menu' with GeneratedClass '/Game/Maps/Menu.Menu_C' with ClassGeneratedBy '/Game/Maps/Menu.Menu:PersistentLevel.Menu'
[2020.04.18-06.21.46:460][596]LogRenderer: Reallocating scene render targets to support 1280x720 Format 10 NumSamples 1 (Frame:1).
[2020.04.18-06.21.47:463][620]LogNet: Browse: /Game/Maps/Intro
[2020.04.18-06.21.47:463][620]LogLoad: LoadMap: /Game/Maps/Intro
[2020.04.18-06.21.47:463][620]LogWorld: BeginTearingDown for /Game/Maps/UEDPIE_0_Menu
[2020.04.18-06.21.47:464][620]LogWorld: UWorld::CleanupWorld for Menu, bSessionEnded=true, bCleanupResources=true
[2020.04.18-06.21.47:464][620]LogSlate: InvalidateAllWidgets triggered.  All widgets were invalidated
[2020.04.18-06.21.47:464][620]LogAudioMixer: Display: No commands were queued while flushing the source manager.
[2020.04.18-06.21.47:501][620]LogUObjectHash: Compacting FUObjectHashTables data took   2.34ms
[2020.04.18-06.21.47:789][620]LogAIModule: Creating AISystem for world Intro
[2020.04.18-06.21.47:789][620]LogLoad: Game class is 'GameModeBase'
[2020.04.18-06.21.47:795][620]LogWorld: Bringing World /Game/Maps/UEDPIE_0_Intro.Intro up for play (max tick rate 60) at 2020.04.18-01.21.47
[2020.04.18-06.21.47:795][620]LogWorld: Bringing up level for play took: 0.005150
[2020.04.18-06.21.47:798][620]LogPlayerController: Error: InputMode:UIOnly - Attempting to focus Non-Focusable widget SObjectWidget [Widget.cpp(776)]!
[2020.04.18-06.21.47:799][620]LogLoad: Took 0.335296 seconds to LoadMap(/Game/Maps/Intro)
[2020.04.18-06.21.49:679][655]LogNet: Browse: /Game/Maps/MainMap
[2020.04.18-06.21.49:679][655]LogLoad: LoadMap: /Game/Maps/MainMap
[2020.04.18-06.21.49:679][655]LogWorld: BeginTearingDown for /Game/Maps/UEDPIE_0_Intro
[2020.04.18-06.21.49:679][655]LogWorld: UWorld::CleanupWorld for Intro, bSessionEnded=true, bCleanupResources=true
[2020.04.18-06.21.49:680][655]LogSlate: InvalidateAllWidgets triggered.  All widgets were invalidated
[2020.04.18-06.21.49:680][655]LogAudioMixer: Display: No commands were queued while flushing the source manager.
[2020.04.18-06.21.49:732][655]LogUObjectHash: Compacting FUObjectHashTables data took   3.00ms
[2020.04.18-06.21.50:002][655]LogAIModule: Creating AISystem for world MainMap
[2020.04.18-06.21.50:003][655]LogLoad: Game class is 'KoalaGameModeBase_BP_C'
[2020.04.18-06.21.50:009][655]LogWorld: Bringing World /Game/Maps/UEDPIE_0_MainMap.MainMap up for play (max tick rate 60) at 2020.04.18-01.21.50
[2020.04.18-06.21.50:010][655]LogWorld: Bringing up level for play took: 0.006367
[2020.04.18-06.21.50:017][655]LogLoad: Took 0.338461 seconds to LoadMap(/Game/Maps/MainMap)
[2020.04.18-06.21.55:316][754]LogPlayerController: Error: InputMode:UIOnly - Attempting to focus Non-Focusable widget SObjectWidget [Widget.cpp(776)]!
[2020.04.18-06.21.57:776][800]LogTemp: Warning: Overlapped
[2020.04.18-06.21.57:776][800]LogTemp: Warning: Overlapped
[2020.04.18-06.22.00:415][847]LogTemp: Warning: increasing dmg
[2020.04.18-06.22.01:979][847]LogWindows: Error: === Critical error: ===
[2020.04.18-06.22.01:979][847]LogWindows: Error: 
[2020.04.18-06.22.01:979][847]LogWindows: Error: Fatal error!
[2020.04.18-06.22.01:979][847]LogWindows: Error: 
[2020.04.18-06.22.01:979][847]LogWindows: Error: Unhandled Exception: EXCEPTION_ACCESS_VIOLATION writing address 0x000002f8
[2020.04.18-06.22.01:979][847]LogWindows: Error: 
[2020.04.18-06.22.01:979][847]LogWindows: Error: [Callstack] 0x00007ffa4e70be5f UE4Editor-Koala-1819.dll!UnknownFunction []
[2020.04.18-06.22.01:979][847]LogWindows: Error: [Callstack] 0x00007ffa6320d9d9 UE4Editor-Engine.dll!UnknownFunction []
[2020.04.18-06.22.01:979][847]LogWindows: Error: [Callstack] 0x00007ffa632403ed UE4Editor-Engine.dll!UnknownFunction []
[2020.04.18-06.22.01:979][847]LogWindows: Error: [Callstack] 0x00007ffa629c64f9 UE4Editor-Engine.dll!UnknownFunction []
[2020.04.18-06.22.01:979][847]LogWindows: Error: [Callstack] 0x00007ffa60b5adb0 UE4Editor-UnrealEd.dll!UnknownFunction []
[2020.04.18-06.22.01:979][847]LogWindows: Error: [Callstack] 0x00007ffa613bddc6 UE4Editor-UnrealEd.dll!UnknownFunction []
[2020.04.18-06.22.01:979][847]LogWindows: Error: [Callstack] 0x00007ff650277f62 UE4Editor.exe!UnknownFunction []
[2020.04.18-06.22.01:979][847]LogWindows: Error: [Callstack] 0x00007ff65028c3ec UE4Editor.exe!UnknownFunction []
[2020.04.18-06.22.01:979][847]LogWindows: Error: [Callstack] 0x00007ff65028c4ca UE4Editor.exe!UnknownFunction []
[2020.04.18-06.22.01:979][847]LogWindows: Error: [Callstack] 0x00007ff65029ceae UE4Editor.exe!UnknownFunction []
[2020.04.18-06.22.01:979][847]LogWindows: Error: [Callstack] 0x00007ff65029fcbe UE4Editor.exe!UnknownFunction []
[2020.04.18-06.22.01:979][847]LogWindows: Error: [Callstack] 0x00007ffab3447bd4 KERNEL32.DLL!UnknownFunction []
[2020.04.18-06.22.01:979][847]LogWindows: Error: [Callstack] 0x00007ffab3b0ce51 ntdll.dll!UnknownFunction []
[2020.04.18-06.22.01:979][847]LogWindows: Error: 
[2020.04.18-06.22.01:996][847]LogExit: Executing StaticShutdownAfterError
[2020.04.18-06.22.01:999][847]LogWindows: FPlatformMisc::RequestExit(1)
[2020.04.18-06.22.01:999][847]LogCore: Engine exit requested (reason: Win RequestExit)
[2020.04.18-06.22.02:006][847]Log file closed, 04/18/20 01:22:02
